\BOOKMARK [0][-]{chapter*.2}{\376\377\000I\000n\000t\000r\000o\000d\000u\000c\000t\000i\000o\000n}{}% 1
\BOOKMARK [0][-]{chapter.1}{\376\377\000P\000r\000\351\000s\000e\000n\000t\000a\000t\000i\000o\000n\000\040\000e\000t\000\040\000e\000x\000p\000l\000i\000c\000a\000t\000i\000o\000n\000s}{}% 2
\BOOKMARK [0][-]{chapter.2}{\376\377\000M\000\351\000t\000h\000o\000d\000e\000\040\000e\000m\000p\000l\000o\000y\000\351\000e}{}% 3
\BOOKMARK [1][-]{section.2.1}{\376\377\000C\000l\000a\000s\000s\000e\000s\000\040\000e\000t\000\040\000m\000\351\000t\000h\000o\000d\000e\000s}{chapter.2}% 4
\BOOKMARK [1][-]{section.2.2}{\376\377\000U\000t\000i\000l\000i\000s\000a\000t\000i\000o\000n\000\040\000d\000u\000\040\000c\000o\000d\000e}{chapter.2}% 5
\BOOKMARK [0][-]{chapter.3}{\376\377\000P\000r\000e\000m\000i\000\350\000r\000e\000s\000\040\000i\000n\000t\000e\000r\000p\000r\000\351\000t\000a\000t\000i\000o\000n\000s\000\040\000p\000h\000y\000s\000i\000q\000u\000e\000s}{}% 6
\BOOKMARK [1][-]{section.3.1}{\376\377\000A\000n\000i\000m\000a\000t\000i\000o\000n\000s\000\040\000e\000n\000\040\000f\000i\000c\000h\000i\000e\000r\000\040\000G\000I\000F}{chapter.3}% 7
\BOOKMARK [1][-]{section.3.2}{\376\377\000M\000o\000u\000v\000e\000m\000e\000n\000t\000s\000\040\000d\000e\000\040\000g\000r\000o\000u\000p\000e}{chapter.3}% 8
\BOOKMARK [1][-]{section.3.3}{\376\377\000A\000u\000t\000r\000e\000s\000\040\000p\000a\000r\000a\000m\000\350\000t\000r\000e\000s\000\040\000e\000n\000\040\000j\000e\000u}{chapter.3}% 9
\BOOKMARK [2][-]{subsection.3.3.1}{\376\377\000C\000\364\000n\000e\000\040\000d\000e\000\040\000v\000i\000s\000i\000o\000n}{section.3.3}% 10
\BOOKMARK [2][-]{subsection.3.3.2}{\376\377\000P\000a\000r\000a\000m\000\350\000t\000r\000e\000\040\000d\000e\000\040\000b\000r\000u\000i\000t}{section.3.3}% 11
\BOOKMARK [0][-]{chapter.4}{\376\377\000R\000\351\000s\000u\000l\000t\000a\000t\000s\000\040\000e\000x\000p\000\351\000r\000i\000m\000e\000n\000t\000a\000u\000x}{}% 12
\BOOKMARK [1][-]{section.4.1}{\376\377\000R\000\351\000s\000u\000l\000t\000a\000t\000s\000\040\000h\000i\000s\000t\000o\000r\000i\000q\000u\000e\000s\000\040\000d\000e\000\040\000V\000i\000c\000s\000e\000k}{chapter.4}% 13
\BOOKMARK [2][-]{subsection.4.1.1}{\376\377\000P\000a\000r\000a\000m\000\350\000t\000r\000e\000\040\000d\000'\000a\000l\000i\000g\000n\000e\000m\000e\000n\000t\000\040\000e\000n\000\040\000f\000o\000n\000c\000t\000i\000o\000n\000\040\000d\000u\000\040\000b\000r\000u\000i\000t}{section.4.1}% 14
\BOOKMARK [2][-]{subsection.4.1.2}{\376\377\000P\000a\000r\000a\000m\000\350\000t\000r\000e\000\040\000d\000'\000a\000l\000i\000g\000n\000e\000m\000e\000n\000t\000\040\000e\000n\000\040\000f\000o\000n\000c\000t\000i\000o\000n\000\040\000d\000e\000\040\000l\000a\000\040\000d\000e\000n\000s\000i\000t\000\351}{section.4.1}% 15
\BOOKMARK [1][-]{section.4.2}{\376\377\000A\000u\000-\000d\000e\000l\000\340\000\040\000d\000u\000\040\000m\000o\000d\000\350\000l\000e\000\040\000d\000e\000\040\000V\000i\000c\000s\000e\000k}{chapter.4}% 16
\BOOKMARK [2][-]{subsection.4.2.1}{\376\377\000C\000r\000\351\000a\000t\000i\000o\000n\000\040\000d\000'\000u\000n\000\040\000a\000g\000e\000n\000t\000\040\000l\000e\000a\000d\000e\000r}{section.4.2}% 17
\BOOKMARK [2][-]{subsection.4.2.2}{\376\377\000M\000i\000s\000e\000\040\000e\000n\000\040\000p\000l\000a\000c\000e\000\040\000d\000'\000u\000n\000e\000\040\000p\000r\000\351\000d\000a\000t\000i\000o\000n\000\040\000e\000t\000\040\000d\000u\000\040\000p\000a\000r\000a\000m\000\350\000t\000r\000e\000\040\000d\000e\000\040\000s\000e\000n\000s\000i\000b\000i\000l\000i\000t\000\351}{section.4.2}% 18
\BOOKMARK [2][-]{subsection.4.2.3}{\376\377\000S\000y\000s\000t\000\350\000m\000e\000\040\000\351\000v\000o\000l\000u\000t\000i\000f}{section.4.2}% 19
\BOOKMARK [2][-]{subsection.4.2.4}{\376\377\000A\000j\000o\000u\000t\000\040\000d\000'\000o\000b\000s\000t\000a\000c\000l\000e\000s}{section.4.2}% 20
\BOOKMARK [0][-]{chapter*.3}{\376\377\000C\000o\000n\000c\000l\000u\000s\000i\000o\000n}{}% 21
