This is pdfTeX, Version 3.141592653-2.6-1.40.25 (TeX Live 2023/Arch Linux) (preloaded format=pdflatex 2023.4.28)  17 MAY 2023 16:38
entering extended mode
 \write18 enabled.
 %&-line parsing enabled.
**diapo_vicsek
(./diapo_vicsek.tex
LaTeX2e <2022-11-01> patch level 1
L3 programming layer <2023-02-22>
(/usr/share/texmf-dist/tex/latex/beamer/beamer.cls
Document Class: beamer 2023/02/20 v3.69 A class for typesetting presentations
(/usr/share/texmf-dist/tex/latex/beamer/beamerbasemodes.sty
(/usr/share/texmf-dist/tex/latex/etoolbox/etoolbox.sty
Package: etoolbox 2020/10/05 v2.5k e-TeX tools for LaTeX (JAW)
\etb@tempcnta=\count185
)
\beamer@tempbox=\box51
\beamer@tempcount=\count186
\c@beamerpauses=\count187

(/usr/share/texmf-dist/tex/latex/beamer/beamerbasedecode.sty
\beamer@slideinframe=\count188
\beamer@minimum=\count189
\beamer@decode@box=\box52
)
\beamer@commentbox=\box53
\beamer@modecount=\count190
)
(/usr/share/texmf-dist/tex/generic/iftex/iftex.sty
Package: iftex 2022/02/03 v1.0f TeX engine tests
)
\headdp=\dimen140
\footheight=\dimen141
\sidebarheight=\dimen142
\beamer@tempdim=\dimen143
\beamer@finalheight=\dimen144
\beamer@animht=\dimen145
\beamer@animdp=\dimen146
\beamer@animwd=\dimen147
\beamer@leftmargin=\dimen148
\beamer@rightmargin=\dimen149
\beamer@leftsidebar=\dimen150
\beamer@rightsidebar=\dimen151
\beamer@boxsize=\dimen152
\beamer@vboxoffset=\dimen153
\beamer@descdefault=\dimen154
\beamer@descriptionwidth=\dimen155
\beamer@lastskip=\skip48
\beamer@areabox=\box54
\beamer@animcurrent=\box55
\beamer@animshowbox=\box56
\beamer@sectionbox=\box57
\beamer@logobox=\box58
\beamer@linebox=\box59
\beamer@sectioncount=\count191
\beamer@subsubsectionmax=\count192
\beamer@subsectionmax=\count193
\beamer@sectionmax=\count194
\beamer@totalheads=\count195
\beamer@headcounter=\count196
\beamer@partstartpage=\count197
\beamer@sectionstartpage=\count198
\beamer@subsectionstartpage=\count199
\beamer@animationtempa=\count266
\beamer@animationtempb=\count267
\beamer@xpos=\count268
\beamer@ypos=\count269
\beamer@ypos@offset=\count270
\beamer@showpartnumber=\count271
\beamer@currentsubsection=\count272
\beamer@coveringdepth=\count273
\beamer@sectionadjust=\count274
\beamer@toclastsection=\count275
\beamer@tocsectionnumber=\count276

(/usr/share/texmf-dist/tex/latex/beamer/beamerbaseoptions.sty
(/usr/share/texmf-dist/tex/latex/graphics/keyval.sty
Package: keyval 2022/05/29 v1.15 key=value parser (DPC)
\KV@toks@=\toks16
))
\beamer@paperwidth=\skip49
\beamer@paperheight=\skip50

(/usr/share/texmf-dist/tex/latex/geometry/geometry.sty
Package: geometry 2020/01/02 v5.9 Page Geometry

(/usr/share/texmf-dist/tex/generic/iftex/ifvtex.sty
Package: ifvtex 2019/10/25 v1.7 ifvtex legacy package. Use iftex instead.
)
\Gm@cnth=\count277
\Gm@cntv=\count278
\c@Gm@tempcnt=\count279
\Gm@bindingoffset=\dimen156
\Gm@wd@mp=\dimen157
\Gm@odd@mp=\dimen158
\Gm@even@mp=\dimen159
\Gm@layoutwidth=\dimen160
\Gm@layoutheight=\dimen161
\Gm@layouthoffset=\dimen162
\Gm@layoutvoffset=\dimen163
\Gm@dimlist=\toks17
)
(/usr/share/texmf-dist/tex/latex/pgf/math/pgfmath.sty
(/usr/share/texmf-dist/tex/latex/pgf/utilities/pgfrcs.sty
(/usr/share/texmf-dist/tex/generic/pgf/utilities/pgfutil-common.tex
\pgfutil@everybye=\toks18
\pgfutil@tempdima=\dimen164
\pgfutil@tempdimb=\dimen165
)
(/usr/share/texmf-dist/tex/generic/pgf/utilities/pgfutil-latex.def
\pgfutil@abb=\box60
)
(/usr/share/texmf-dist/tex/generic/pgf/utilities/pgfrcs.code.tex
(/usr/share/texmf-dist/tex/generic/pgf/pgf.revision.tex)
Package: pgfrcs 2023-01-15 v3.1.10 (3.1.10)
))
(/usr/share/texmf-dist/tex/latex/pgf/utilities/pgfkeys.sty
(/usr/share/texmf-dist/tex/generic/pgf/utilities/pgfkeys.code.tex
\pgfkeys@pathtoks=\toks19
\pgfkeys@temptoks=\toks20

(/usr/share/texmf-dist/tex/generic/pgf/utilities/pgfkeyslibraryfiltered.code.te
x
\pgfkeys@tmptoks=\toks21
))) (/usr/share/texmf-dist/tex/generic/pgf/math/pgfmath.code.tex
(/usr/share/texmf-dist/tex/generic/pgf/math/pgfmathutil.code.tex
\pgf@x=\dimen166
\pgf@xa=\dimen167
\pgf@xb=\dimen168
\pgf@xc=\dimen169
\pgf@y=\dimen170
\pgf@ya=\dimen171
\pgf@yb=\dimen172
\pgf@yc=\dimen173
\c@pgf@counta=\count280
\c@pgf@countb=\count281
\c@pgf@countc=\count282
\c@pgf@countd=\count283
)
(/usr/share/texmf-dist/tex/generic/pgf/math/pgfmathparser.code.tex
\pgfmath@dimen=\dimen174
\pgfmath@count=\count284
\pgfmath@box=\box61
\pgfmath@toks=\toks22
\pgfmath@stack@operand=\toks23
\pgfmath@stack@operation=\toks24
)
(/usr/share/texmf-dist/tex/generic/pgf/math/pgfmathfunctions.code.tex)
(/usr/share/texmf-dist/tex/generic/pgf/math/pgfmathfunctions.basic.code.tex)
(/usr/share/texmf-dist/tex/generic/pgf/math/pgfmathfunctions.trigonometric.code
.tex)
(/usr/share/texmf-dist/tex/generic/pgf/math/pgfmathfunctions.random.code.tex)
(/usr/share/texmf-dist/tex/generic/pgf/math/pgfmathfunctions.comparison.code.te
x) (/usr/share/texmf-dist/tex/generic/pgf/math/pgfmathfunctions.base.code.tex)
(/usr/share/texmf-dist/tex/generic/pgf/math/pgfmathfunctions.round.code.tex)
(/usr/share/texmf-dist/tex/generic/pgf/math/pgfmathfunctions.misc.code.tex)
(/usr/share/texmf-dist/tex/generic/pgf/math/pgfmathfunctions.integerarithmetics
.code.tex) (/usr/share/texmf-dist/tex/generic/pgf/math/pgfmathcalc.code.tex)
(/usr/share/texmf-dist/tex/generic/pgf/math/pgfmathfloat.code.tex
\c@pgfmathroundto@lastzeros=\count285
)))
(/usr/share/texmf-dist/tex/latex/base/size12.clo
File: size12.clo 2022/07/02 v1.4n Standard LaTeX file (size option)
)
(/usr/share/texmf-dist/tex/latex/pgf/basiclayer/pgfcore.sty
(/usr/share/texmf-dist/tex/latex/graphics/graphicx.sty
Package: graphicx 2021/09/16 v1.2d Enhanced LaTeX Graphics (DPC,SPQR)

(/usr/share/texmf-dist/tex/latex/graphics/graphics.sty
Package: graphics 2022/03/10 v1.4e Standard LaTeX Graphics (DPC,SPQR)

(/usr/share/texmf-dist/tex/latex/graphics/trig.sty
Package: trig 2021/08/11 v1.11 sin cos tan (DPC)
)
(/usr/share/texmf-dist/tex/latex/graphics-cfg/graphics.cfg
File: graphics.cfg 2016/06/04 v1.11 sample graphics configuration
)
Package graphics Info: Driver file: pdftex.def on input line 107.

(/usr/share/texmf-dist/tex/latex/graphics-def/pdftex.def
File: pdftex.def 2022/09/22 v1.2b Graphics/color driver for pdftex
))
\Gin@req@height=\dimen175
\Gin@req@width=\dimen176
)
(/usr/share/texmf-dist/tex/latex/pgf/systemlayer/pgfsys.sty
(/usr/share/texmf-dist/tex/generic/pgf/systemlayer/pgfsys.code.tex
Package: pgfsys 2023-01-15 v3.1.10 (3.1.10)
\pgf@x=\dimen177
\pgf@y=\dimen178
\pgf@xa=\dimen179
\pgf@ya=\dimen180
\pgf@xb=\dimen181
\pgf@yb=\dimen182
\pgf@xc=\dimen183
\pgf@yc=\dimen184
\pgf@xd=\dimen185
\pgf@yd=\dimen186
\w@pgf@writea=\write3
\r@pgf@reada=\read2
\c@pgf@counta=\count286
\c@pgf@countb=\count287
\c@pgf@countc=\count288
\c@pgf@countd=\count289
\t@pgf@toka=\toks25
\t@pgf@tokb=\toks26
\t@pgf@tokc=\toks27
\pgf@sys@id@count=\count290

(/usr/share/texmf-dist/tex/generic/pgf/systemlayer/pgf.cfg
File: pgf.cfg 2023-01-15 v3.1.10 (3.1.10)
)
Driver file for pgf: pgfsys-pdftex.def

(/usr/share/texmf-dist/tex/generic/pgf/systemlayer/pgfsys-pdftex.def
File: pgfsys-pdftex.def 2023-01-15 v3.1.10 (3.1.10)

(/usr/share/texmf-dist/tex/generic/pgf/systemlayer/pgfsys-common-pdf.def
File: pgfsys-common-pdf.def 2023-01-15 v3.1.10 (3.1.10)
)))
(/usr/share/texmf-dist/tex/generic/pgf/systemlayer/pgfsyssoftpath.code.tex
File: pgfsyssoftpath.code.tex 2023-01-15 v3.1.10 (3.1.10)
\pgfsyssoftpath@smallbuffer@items=\count291
\pgfsyssoftpath@bigbuffer@items=\count292
)
(/usr/share/texmf-dist/tex/generic/pgf/systemlayer/pgfsysprotocol.code.tex
File: pgfsysprotocol.code.tex 2023-01-15 v3.1.10 (3.1.10)
))
(/usr/share/texmf-dist/tex/latex/xcolor/xcolor.sty
Package: xcolor 2022/06/12 v2.14 LaTeX color extensions (UK)

(/usr/share/texmf-dist/tex/latex/graphics-cfg/color.cfg
File: color.cfg 2016/01/02 v1.6 sample color configuration
)
Package xcolor Info: Driver file: pdftex.def on input line 227.

(/usr/share/texmf-dist/tex/latex/graphics/mathcolor.ltx)
Package xcolor Info: Model `cmy' substituted by `cmy0' on input line 1353.
Package xcolor Info: Model `hsb' substituted by `rgb' on input line 1357.
Package xcolor Info: Model `RGB' extended on input line 1369.
Package xcolor Info: Model `HTML' substituted by `rgb' on input line 1371.
Package xcolor Info: Model `Hsb' substituted by `hsb' on input line 1372.
Package xcolor Info: Model `tHsb' substituted by `hsb' on input line 1373.
Package xcolor Info: Model `HSB' substituted by `hsb' on input line 1374.
Package xcolor Info: Model `Gray' substituted by `gray' on input line 1375.
Package xcolor Info: Model `wave' substituted by `hsb' on input line 1376.
)
(/usr/share/texmf-dist/tex/generic/pgf/basiclayer/pgfcore.code.tex
Package: pgfcore 2023-01-15 v3.1.10 (3.1.10)

(/usr/share/texmf-dist/tex/generic/pgf/math/pgfint.code.tex)
(/usr/share/texmf-dist/tex/generic/pgf/basiclayer/pgfcorepoints.code.tex
File: pgfcorepoints.code.tex 2023-01-15 v3.1.10 (3.1.10)
\pgf@picminx=\dimen187
\pgf@picmaxx=\dimen188
\pgf@picminy=\dimen189
\pgf@picmaxy=\dimen190
\pgf@pathminx=\dimen191
\pgf@pathmaxx=\dimen192
\pgf@pathminy=\dimen193
\pgf@pathmaxy=\dimen194
\pgf@xx=\dimen195
\pgf@xy=\dimen196
\pgf@yx=\dimen197
\pgf@yy=\dimen198
\pgf@zx=\dimen199
\pgf@zy=\dimen256
)
(/usr/share/texmf-dist/tex/generic/pgf/basiclayer/pgfcorepathconstruct.code.tex
File: pgfcorepathconstruct.code.tex 2023-01-15 v3.1.10 (3.1.10)
\pgf@path@lastx=\dimen257
\pgf@path@lasty=\dimen258
) (/usr/share/texmf-dist/tex/generic/pgf/basiclayer/pgfcorepathusage.code.tex
File: pgfcorepathusage.code.tex 2023-01-15 v3.1.10 (3.1.10)
\pgf@shorten@end@additional=\dimen259
\pgf@shorten@start@additional=\dimen260
)
(/usr/share/texmf-dist/tex/generic/pgf/basiclayer/pgfcorescopes.code.tex
File: pgfcorescopes.code.tex 2023-01-15 v3.1.10 (3.1.10)
\pgfpic=\box62
\pgf@hbox=\box63
\pgf@layerbox@main=\box64
\pgf@picture@serial@count=\count293
)
(/usr/share/texmf-dist/tex/generic/pgf/basiclayer/pgfcoregraphicstate.code.tex
File: pgfcoregraphicstate.code.tex 2023-01-15 v3.1.10 (3.1.10)
\pgflinewidth=\dimen261
)
(/usr/share/texmf-dist/tex/generic/pgf/basiclayer/pgfcoretransformations.code.t
ex
File: pgfcoretransformations.code.tex 2023-01-15 v3.1.10 (3.1.10)
\pgf@pt@x=\dimen262
\pgf@pt@y=\dimen263
\pgf@pt@temp=\dimen264
) (/usr/share/texmf-dist/tex/generic/pgf/basiclayer/pgfcorequick.code.tex
File: pgfcorequick.code.tex 2023-01-15 v3.1.10 (3.1.10)
)
(/usr/share/texmf-dist/tex/generic/pgf/basiclayer/pgfcoreobjects.code.tex
File: pgfcoreobjects.code.tex 2023-01-15 v3.1.10 (3.1.10)
)
(/usr/share/texmf-dist/tex/generic/pgf/basiclayer/pgfcorepathprocessing.code.te
x
File: pgfcorepathprocessing.code.tex 2023-01-15 v3.1.10 (3.1.10)
) (/usr/share/texmf-dist/tex/generic/pgf/basiclayer/pgfcorearrows.code.tex
File: pgfcorearrows.code.tex 2023-01-15 v3.1.10 (3.1.10)
\pgfarrowsep=\dimen265
)
(/usr/share/texmf-dist/tex/generic/pgf/basiclayer/pgfcoreshade.code.tex
File: pgfcoreshade.code.tex 2023-01-15 v3.1.10 (3.1.10)
\pgf@max=\dimen266
\pgf@sys@shading@range@num=\count294
\pgf@shadingcount=\count295
)
(/usr/share/texmf-dist/tex/generic/pgf/basiclayer/pgfcoreimage.code.tex
File: pgfcoreimage.code.tex 2023-01-15 v3.1.10 (3.1.10)
)
(/usr/share/texmf-dist/tex/generic/pgf/basiclayer/pgfcoreexternal.code.tex
File: pgfcoreexternal.code.tex 2023-01-15 v3.1.10 (3.1.10)
\pgfexternal@startupbox=\box65
)
(/usr/share/texmf-dist/tex/generic/pgf/basiclayer/pgfcorelayers.code.tex
File: pgfcorelayers.code.tex 2023-01-15 v3.1.10 (3.1.10)
)
(/usr/share/texmf-dist/tex/generic/pgf/basiclayer/pgfcoretransparency.code.tex
File: pgfcoretransparency.code.tex 2023-01-15 v3.1.10 (3.1.10)
) (/usr/share/texmf-dist/tex/generic/pgf/basiclayer/pgfcorepatterns.code.tex
File: pgfcorepatterns.code.tex 2023-01-15 v3.1.10 (3.1.10)
)
(/usr/share/texmf-dist/tex/generic/pgf/basiclayer/pgfcorerdf.code.tex
File: pgfcorerdf.code.tex 2023-01-15 v3.1.10 (3.1.10)
)))
(/usr/share/texmf-dist/tex/latex/pgf/utilities/xxcolor.sty
Package: xxcolor 2003/10/24 ver 0.1
\XC@nummixins=\count296
\XC@countmixins=\count297
)
(/usr/share/texmf-dist/tex/latex/base/atbegshi-ltx.sty
Package: atbegshi-ltx 2021/01/10 v1.0c Emulation of the original atbegshi
package with kernel methods
)
(/usr/share/texmf-dist/tex/latex/hyperref/hyperref.sty
Package: hyperref 2023-02-07 v7.00v Hypertext links for LaTeX

(/usr/share/texmf-dist/tex/generic/ltxcmds/ltxcmds.sty
Package: ltxcmds 2020-05-10 v1.25 LaTeX kernel commands for general use (HO)
)
(/usr/share/texmf-dist/tex/generic/pdftexcmds/pdftexcmds.sty
Package: pdftexcmds 2020-06-27 v0.33 Utility functions of pdfTeX for LuaTeX (HO
)

(/usr/share/texmf-dist/tex/generic/infwarerr/infwarerr.sty
Package: infwarerr 2019/12/03 v1.5 Providing info/warning/error messages (HO)
)
Package pdftexcmds Info: \pdf@primitive is available.
Package pdftexcmds Info: \pdf@ifprimitive is available.
Package pdftexcmds Info: \pdfdraftmode found.
)
(/usr/share/texmf-dist/tex/latex/kvsetkeys/kvsetkeys.sty
Package: kvsetkeys 2022-10-05 v1.19 Key value parser (HO)
)
(/usr/share/texmf-dist/tex/generic/kvdefinekeys/kvdefinekeys.sty
Package: kvdefinekeys 2019-12-19 v1.6 Define keys (HO)
)
(/usr/share/texmf-dist/tex/generic/pdfescape/pdfescape.sty
Package: pdfescape 2019/12/09 v1.15 Implements pdfTeX's escape features (HO)
)
(/usr/share/texmf-dist/tex/latex/hycolor/hycolor.sty
Package: hycolor 2020-01-27 v1.10 Color options for hyperref/bookmark (HO)
)
(/usr/share/texmf-dist/tex/latex/letltxmacro/letltxmacro.sty
Package: letltxmacro 2019/12/03 v1.6 Let assignment for LaTeX macros (HO)
)
(/usr/share/texmf-dist/tex/latex/auxhook/auxhook.sty
Package: auxhook 2019-12-17 v1.6 Hooks for auxiliary files (HO)
)
(/usr/share/texmf-dist/tex/latex/hyperref/nameref.sty
Package: nameref 2022-05-17 v2.50 Cross-referencing by name of section

(/usr/share/texmf-dist/tex/latex/refcount/refcount.sty
Package: refcount 2019/12/15 v3.6 Data extraction from label references (HO)
)
(/usr/share/texmf-dist/tex/generic/gettitlestring/gettitlestring.sty
Package: gettitlestring 2019/12/15 v1.6 Cleanup title references (HO)

(/usr/share/texmf-dist/tex/latex/kvoptions/kvoptions.sty
Package: kvoptions 2022-06-15 v3.15 Key value format for package options (HO)
))
\c@section@level=\count298
)
\@linkdim=\dimen267
\Hy@linkcounter=\count299
\Hy@pagecounter=\count300

(/usr/share/texmf-dist/tex/latex/hyperref/pd1enc.def
File: pd1enc.def 2023-02-07 v7.00v Hyperref: PDFDocEncoding definition (HO)
Now handling font encoding PD1 ...
... no UTF-8 mapping file for font encoding PD1
)
(/usr/share/texmf-dist/tex/generic/intcalc/intcalc.sty
Package: intcalc 2019/12/15 v1.3 Expandable calculations with integers (HO)
)
(/usr/share/texmf-dist/tex/generic/etexcmds/etexcmds.sty
Package: etexcmds 2019/12/15 v1.7 Avoid name clashes with e-TeX commands (HO)
)
\Hy@SavedSpaceFactor=\count301

(/usr/share/texmf-dist/tex/latex/hyperref/puenc.def
File: puenc.def 2023-02-07 v7.00v Hyperref: PDF Unicode definition (HO)
Now handling font encoding PU ...
... no UTF-8 mapping file for font encoding PU
)
Package hyperref Info: Option `bookmarks' set `true' on input line 4060.
Package hyperref Info: Option `bookmarksopen' set `true' on input line 4060.
Package hyperref Info: Option `implicit' set `false' on input line 4060.
Package hyperref Info: Hyper figures OFF on input line 4177.
Package hyperref Info: Link nesting OFF on input line 4182.
Package hyperref Info: Hyper index ON on input line 4185.
Package hyperref Info: Plain pages OFF on input line 4192.
Package hyperref Info: Backreferencing OFF on input line 4197.
Package hyperref Info: Implicit mode OFF; no redefinition of LaTeX internals.
Package hyperref Info: Bookmarks ON on input line 4425.
\c@Hy@tempcnt=\count302

(/usr/share/texmf-dist/tex/latex/url/url.sty
\Urlmuskip=\muskip16
Package: url 2013/09/16  ver 3.4  Verb mode for urls, etc.
)
LaTeX Info: Redefining \url on input line 4763.
\XeTeXLinkMargin=\dimen268

(/usr/share/texmf-dist/tex/generic/bitset/bitset.sty
Package: bitset 2019/12/09 v1.3 Handle bit-vector datatype (HO)

(/usr/share/texmf-dist/tex/generic/bigintcalc/bigintcalc.sty
Package: bigintcalc 2019/12/15 v1.5 Expandable calculations on big integers (HO
)
))
\Fld@menulength=\count303
\Field@Width=\dimen269
\Fld@charsize=\dimen270
Package hyperref Info: Hyper figures OFF on input line 6042.
Package hyperref Info: Link nesting OFF on input line 6047.
Package hyperref Info: Hyper index ON on input line 6050.
Package hyperref Info: backreferencing OFF on input line 6057.
Package hyperref Info: Link coloring OFF on input line 6062.
Package hyperref Info: Link coloring with OCG OFF on input line 6067.
Package hyperref Info: PDF/A mode OFF on input line 6072.
\Hy@abspage=\count304


Package hyperref Message: Stopped early.

)
Package hyperref Info: Driver (autodetected): hpdftex.
 (/usr/share/texmf-dist/tex/latex/hyperref/hpdftex.def
File: hpdftex.def 2023-02-07 v7.00v Hyperref driver for pdfTeX

(/usr/share/texmf-dist/tex/latex/base/atveryend-ltx.sty
Package: atveryend-ltx 2020/08/19 v1.0a Emulation of the original atveryend pac
kage
with kernel methods
)
\Fld@listcount=\count305
\c@bookmark@seq@number=\count306

(/usr/share/texmf-dist/tex/latex/rerunfilecheck/rerunfilecheck.sty
Package: rerunfilecheck 2022-07-10 v1.10 Rerun checks for auxiliary files (HO)

(/usr/share/texmf-dist/tex/generic/uniquecounter/uniquecounter.sty
Package: uniquecounter 2019/12/15 v1.4 Provide unlimited unique counter (HO)
)
Package uniquecounter Info: New unique counter `rerunfilecheck' on input line 2
85.
))
(/usr/share/texmf-dist/tex/latex/beamer/beamerbaserequires.sty
(/usr/share/texmf-dist/tex/latex/beamer/beamerbasecompatibility.sty)
(/usr/share/texmf-dist/tex/latex/beamer/beamerbasefont.sty
(/usr/share/texmf-dist/tex/latex/amsfonts/amssymb.sty
Package: amssymb 2013/01/14 v3.01 AMS font symbols

(/usr/share/texmf-dist/tex/latex/amsfonts/amsfonts.sty
Package: amsfonts 2013/01/14 v3.01 Basic AMSFonts support
\@emptytoks=\toks28
\symAMSa=\mathgroup4
\symAMSb=\mathgroup5
LaTeX Font Info:    Redeclaring math symbol \hbar on input line 98.
LaTeX Font Info:    Overwriting math alphabet `\mathfrak' in version `bold'
(Font)                  U/euf/m/n --> U/euf/b/n on input line 106.
))
(/usr/share/texmf-dist/tex/latex/sansmathaccent/sansmathaccent.sty
Package: sansmathaccent 2020/01/31

(/usr/share/texmf-dist/tex/latex/koma-script/scrlfile.sty
Package: scrlfile 2022/10/12 v3.38 KOMA-Script package (file load hooks)

(/usr/share/texmf-dist/tex/latex/koma-script/scrlfile-hook.sty
Package: scrlfile-hook 2022/10/12 v3.38 KOMA-Script package (using LaTeX hooks)


(/usr/share/texmf-dist/tex/latex/koma-script/scrlogo.sty
Package: scrlogo 2022/10/12 v3.38 KOMA-Script package (logo)
)))))
(/usr/share/texmf-dist/tex/latex/beamer/beamerbasetranslator.sty
(/usr/share/texmf-dist/tex/latex/translator/translator.sty
Package: translator 2021-05-31 v1.12d Easy translation of strings in LaTeX
))
(/usr/share/texmf-dist/tex/latex/beamer/beamerbasemisc.sty)
(/usr/share/texmf-dist/tex/latex/beamer/beamerbasetwoscreens.sty)
(/usr/share/texmf-dist/tex/latex/beamer/beamerbaseoverlay.sty
\beamer@argscount=\count307
\beamer@lastskipcover=\skip51
\beamer@trivlistdepth=\count308
)
(/usr/share/texmf-dist/tex/latex/beamer/beamerbasetitle.sty)
(/usr/share/texmf-dist/tex/latex/beamer/beamerbasesection.sty
\c@lecture=\count309
\c@part=\count310
\c@section=\count311
\c@subsection=\count312
\c@subsubsection=\count313
)
(/usr/share/texmf-dist/tex/latex/beamer/beamerbaseframe.sty
\beamer@framebox=\box66
\beamer@frametitlebox=\box67
\beamer@zoombox=\box68
\beamer@zoomcount=\count314
\beamer@zoomframecount=\count315
\beamer@frametextheight=\dimen271
\c@subsectionslide=\count316
\beamer@frametopskip=\skip52
\beamer@framebottomskip=\skip53
\beamer@frametopskipautobreak=\skip54
\beamer@framebottomskipautobreak=\skip55
\beamer@envbody=\toks29
\framewidth=\dimen272
\c@framenumber=\count317
)
(/usr/share/texmf-dist/tex/latex/beamer/beamerbaseverbatim.sty
\beamer@verbatimfileout=\write4
)
(/usr/share/texmf-dist/tex/latex/beamer/beamerbaseframesize.sty
\beamer@splitbox=\box69
\beamer@autobreakcount=\count318
\beamer@autobreaklastheight=\dimen273
\beamer@frametitletoks=\toks30
\beamer@framesubtitletoks=\toks31
)
(/usr/share/texmf-dist/tex/latex/beamer/beamerbaseframecomponents.sty
\beamer@footins=\box70
)
(/usr/share/texmf-dist/tex/latex/beamer/beamerbasecolor.sty)
(/usr/share/texmf-dist/tex/latex/beamer/beamerbasenotes.sty
\beamer@frameboxcopy=\box71
)
(/usr/share/texmf-dist/tex/latex/beamer/beamerbasetoc.sty)
(/usr/share/texmf-dist/tex/latex/beamer/beamerbasetemplates.sty
\beamer@sbttoks=\toks32

(/usr/share/texmf-dist/tex/latex/beamer/beamerbaseauxtemplates.sty
(/usr/share/texmf-dist/tex/latex/beamer/beamerbaseboxes.sty
\bmb@box=\box72
\bmb@colorbox=\box73
\bmb@boxwidth=\dimen274
\bmb@boxheight=\dimen275
\bmb@prevheight=\dimen276
\bmb@temp=\dimen277
\bmb@dima=\dimen278
\bmb@dimb=\dimen279
\bmb@prevheight=\dimen280
)
\beamer@blockheadheight=\dimen281
))
(/usr/share/texmf-dist/tex/latex/beamer/beamerbaselocalstructure.sty
(/usr/share/texmf-dist/tex/latex/tools/enumerate.sty
Package: enumerate 2015/07/23 v3.00 enumerate extensions (DPC)
\@enLab=\toks33
)
\beamer@bibiconwidth=\skip56
\c@figure=\count319
\c@table=\count320
\abovecaptionskip=\skip57
\belowcaptionskip=\skip58
)
(/usr/share/texmf-dist/tex/latex/beamer/beamerbasenavigation.sty
(/usr/share/texmf-dist/tex/latex/beamer/beamerbasenavigationsymbols.tex)
\beamer@section@min@dim=\dimen282
)
(/usr/share/texmf-dist/tex/latex/beamer/beamerbasetheorems.sty
(/usr/share/texmf-dist/tex/latex/amsmath/amsmath.sty
Package: amsmath 2022/04/08 v2.17n AMS math features
\@mathmargin=\skip59

For additional information on amsmath, use the `?' option.
(/usr/share/texmf-dist/tex/latex/amsmath/amstext.sty
Package: amstext 2021/08/26 v2.01 AMS text

(/usr/share/texmf-dist/tex/latex/amsmath/amsgen.sty
File: amsgen.sty 1999/11/30 v2.0 generic functions
\@emptytoks=\toks34
\ex@=\dimen283
))
(/usr/share/texmf-dist/tex/latex/amsmath/amsbsy.sty
Package: amsbsy 1999/11/29 v1.2d Bold Symbols
\pmbraise@=\dimen284
)
(/usr/share/texmf-dist/tex/latex/amsmath/amsopn.sty
Package: amsopn 2022/04/08 v2.04 operator names
)
\inf@bad=\count321
LaTeX Info: Redefining \frac on input line 234.
\uproot@=\count322
\leftroot@=\count323
LaTeX Info: Redefining \overline on input line 399.
LaTeX Info: Redefining \colon on input line 410.
\classnum@=\count324
\DOTSCASE@=\count325
LaTeX Info: Redefining \ldots on input line 496.
LaTeX Info: Redefining \dots on input line 499.
LaTeX Info: Redefining \cdots on input line 620.
\Mathstrutbox@=\box74
\strutbox@=\box75
LaTeX Info: Redefining \big on input line 722.
LaTeX Info: Redefining \Big on input line 723.
LaTeX Info: Redefining \bigg on input line 724.
LaTeX Info: Redefining \Bigg on input line 725.
\big@size=\dimen285
LaTeX Font Info:    Redeclaring font encoding OML on input line 743.
LaTeX Font Info:    Redeclaring font encoding OMS on input line 744.
\macc@depth=\count326
LaTeX Info: Redefining \bmod on input line 905.
LaTeX Info: Redefining \pmod on input line 910.
LaTeX Info: Redefining \smash on input line 940.
LaTeX Info: Redefining \relbar on input line 970.
LaTeX Info: Redefining \Relbar on input line 971.
\c@MaxMatrixCols=\count327
\dotsspace@=\muskip17
\c@parentequation=\count328
\dspbrk@lvl=\count329
\tag@help=\toks35
\row@=\count330
\column@=\count331
\maxfields@=\count332
\andhelp@=\toks36
\eqnshift@=\dimen286
\alignsep@=\dimen287
\tagshift@=\dimen288
\tagwidth@=\dimen289
\totwidth@=\dimen290
\lineht@=\dimen291
\@envbody=\toks37
\multlinegap=\skip60
\multlinetaggap=\skip61
\mathdisplay@stack=\toks38
LaTeX Info: Redefining \[ on input line 2953.
LaTeX Info: Redefining \] on input line 2954.
)
(/usr/share/texmf-dist/tex/latex/amscls/amsthm.sty
Package: amsthm 2020/05/29 v2.20.6
\thm@style=\toks39
\thm@bodyfont=\toks40
\thm@headfont=\toks41
\thm@notefont=\toks42
\thm@headpunct=\toks43
\thm@preskip=\skip62
\thm@postskip=\skip63
\thm@headsep=\skip64
\dth@everypar=\toks44
)
\c@theorem=\count333
)
(/usr/share/texmf-dist/tex/latex/beamer/beamerbasethemes.sty))
(/usr/share/texmf-dist/tex/latex/beamer/beamerthemedefault.sty
(/usr/share/texmf-dist/tex/latex/beamer/beamerfontthemedefault.sty)
(/usr/share/texmf-dist/tex/latex/beamer/beamercolorthemedefault.sty)
(/usr/share/texmf-dist/tex/latex/beamer/beamerinnerthemedefault.sty
\beamer@dima=\dimen292
\beamer@dimb=\dimen293
)
(/usr/share/texmf-dist/tex/latex/beamer/beamerouterthemedefault.sty)))
(/usr/share/texmf-dist/tex/latex/animate/animate.sty
Package: animate 2022/09/15 PDF & SVG animations from files and inline graphics


(/usr/share/texmf-dist/tex/latex/base/ifthen.sty
Package: ifthen 2022/04/13 v1.1d Standard LaTeX ifthen package (DPC)
)
(/usr/share/texmf-dist/tex/latex/oberdiek/ifdraft.sty
Package: ifdraft 2016/05/16 v1.4 Detect class options draft and final (HO)
)
(/usr/share/texmf-dist/tex/latex/tools/calc.sty
Package: calc 2017/05/25 v4.3 Infix arithmetic (KKT,FJ)
\calc@Acount=\count334
\calc@Bcount=\count335
\calc@Adimen=\dimen294
\calc@Bdimen=\dimen295
\calc@Askip=\skip65
\calc@Bskip=\skip66
LaTeX Info: Redefining \setlength on input line 80.
LaTeX Info: Redefining \addtolength on input line 81.
\calc@Ccount=\count336
\calc@Cskip=\skip67
)
(/usr/share/texmf-dist/tex/latex/media9/pdfbase.sty
Package: pdfbase 2022/08/04 v0.55 driver independent access to low-level PDF fe
atures

(/usr/share/texmf-dist/tex/latex/l3backend/l3backend-pdftex.def
File: l3backend-pdftex.def 2023-01-16 L3 backend support: PDF output (pdfTeX)
\l__color_backend_stack_int=\count337
\l__pdf_internal_box=\box76
)
\g_pbs_page_int=\count338
\g_pbs_oc_int=\count339
)
(/usr/share/texmf-dist/tex/latex/zref/zref-abspage.sty
Package: zref-abspage 2022-04-07 v2.34 Module abspage for zref (HO)

(/usr/share/texmf-dist/tex/latex/zref/zref-base.sty
Package: zref-base 2022-04-07 v2.34 Module base for zref (HO)
Package zref Info: New property list: main on input line 767.
Package zref Info: New property: default on input line 768.
Package zref Info: New property: page on input line 769.
)
\c@abspage=\count340
Package zref Info: New property: abspage on input line 65.
)
(/usr/share/texmf-dist/tex/latex/ocgx2/ocgbase.sty
Package: ocgbase 2022/08/04 v0.22 support package for ocgx2.sty
\g_ocgbase_nd_int=\count341
)
\@anim@box=\box77
\@anim@measbox=\box78
\@anim@tmpdima=\dimen296
\@anim@tmpdimb=\dimen297
\@anim@num=\count342
\@anim@curframe=\count343
\@anim@curframe@zb=\count344
\@anim@resizeflags=\count345
\@anim@skipfram=\count346
\@anim@mulframecnt=\count347
\@anim@@tmlnfile=\read3
\@anim@tmpcnt=\count348
\c@@anim@ltxcnt=\count349
\@anim@curlayer=\count350
\@anim@lineno=\count351
\@anim@curfield=\count352
\@anim@@resizeflags=\count353
)
(/usr/share/texmf-dist/tex/latex/tools/multicol.sty
Package: multicol 2021/11/30 v1.9d multicolumn formatting (FMi)
\c@tracingmulticols=\count354
\mult@box=\box79
\multicol@leftmargin=\dimen298
\c@unbalance=\count355
\c@collectmore=\count356
\doublecol@number=\count357
\multicoltolerance=\count358
\multicolpretolerance=\count359
\full@width=\dimen299
\page@free=\dimen300
\premulticols=\dimen301
\postmulticols=\dimen302
\multicolsep=\skip68
\multicolbaselineskip=\skip69
\partial@page=\box80
\last@line=\box81
\maxbalancingoverflow=\dimen303
\mult@rightbox=\box82
\mult@grightbox=\box83
\mult@firstbox=\box84
\mult@gfirstbox=\box85
\@tempa=\box86
\@tempa=\box87
\@tempa=\box88
\@tempa=\box89
\@tempa=\box90
\@tempa=\box91
\@tempa=\box92
\@tempa=\box93
\@tempa=\box94
\@tempa=\box95
\@tempa=\box96
\@tempa=\box97
\@tempa=\box98
\@tempa=\box99
\@tempa=\box100
\@tempa=\box101
\@tempa=\box102
\@tempa=\box103
\@tempa=\box104
\@tempa=\box105
\@tempa=\box106
\@tempa=\box107
\@tempa=\box108
\@tempa=\box109
\@tempa=\box110
\@tempa=\box111
\@tempa=\box112
\@tempa=\box113
\@tempa=\box114
\@tempa=\box115
\@tempa=\box116
\@tempa=\box117
\@tempa=\box118
\@tempa=\box119
\@tempa=\box120
\@tempa=\box121
\c@minrows=\count360
\c@columnbadness=\count361
\c@finalcolumnbadness=\count362
\last@try=\dimen304
\multicolovershoot=\dimen305
\multicolundershoot=\dimen306
\mult@nat@firstbox=\box122
\colbreak@box=\box123
\mc@col@check@num=\count363
)
(/usr/share/texmf-dist/tex/latex/psnfss/charter.sty
Package: charter 2020/03/25 PSNFSS-v9.3 (P.Dyballa) 
)
(/usr/share/texmf-dist/tex/latex/base/inputenc.sty
Package: inputenc 2021/02/14 v1.3d Input encoding file
\inpenc@prehook=\toks45
\inpenc@posthook=\toks46
)
(/usr/share/texmf-dist/tex/latex/base/fontenc.sty
Package: fontenc 2021/04/29 v2.0v Standard LaTeX package
)
(/usr/share/texmf-dist/tex/generic/babel/babel.sty
Package: babel 2023/02/13 3.86 The Babel package
\babel@savecnt=\count364
\U@D=\dimen307
\l@unhyphenated=\language87

(/usr/share/texmf-dist/tex/generic/babel/txtbabel.def)
\bbl@readstream=\read4
LaTeX Info: Redefining \textlatin on input line 4088.
\bbl@dirlevel=\count365
Package babel Info: You haven't specified a language as a class or package
(babel)             option. I'll load 'nil'. Reported on input line 4422.

(/usr/share/texmf-dist/tex/generic/babel/nil.ldf
Language: nil 2023/02/13 3.86 Nil language
\l@nil=\language88
))
(/usr/share/texmf-dist/tex/latex/beamer/beamerthemeSingapore.sty
(/usr/share/texmf-dist/tex/latex/beamer/beamerouterthememiniframes.sty))
(./diapo_vicsek.aux)
\openout1 = `diapo_vicsek.aux'.

LaTeX Font Info:    Checking defaults for OML/cmm/m/it on input line 67.
LaTeX Font Info:    ... okay on input line 67.
LaTeX Font Info:    Checking defaults for OMS/cmsy/m/n on input line 67.
LaTeX Font Info:    ... okay on input line 67.
LaTeX Font Info:    Checking defaults for OT1/cmr/m/n on input line 67.
LaTeX Font Info:    ... okay on input line 67.
LaTeX Font Info:    Checking defaults for T1/cmr/m/n on input line 67.
LaTeX Font Info:    ... okay on input line 67.
LaTeX Font Info:    Checking defaults for TS1/cmr/m/n on input line 67.
LaTeX Font Info:    ... okay on input line 67.
LaTeX Font Info:    Checking defaults for OMX/cmex/m/n on input line 67.
LaTeX Font Info:    ... okay on input line 67.
LaTeX Font Info:    Checking defaults for U/cmr/m/n on input line 67.
LaTeX Font Info:    ... okay on input line 67.
LaTeX Font Info:    Checking defaults for PD1/pdf/m/n on input line 67.
LaTeX Font Info:    ... okay on input line 67.
LaTeX Font Info:    Checking defaults for PU/pdf/m/n on input line 67.
LaTeX Font Info:    ... okay on input line 67.

*geometry* driver: auto-detecting
*geometry* detected driver: pdftex
*geometry* verbose mode - [ preamble ] result:
* driver: pdftex
* paper: custom
* layout: <same size as paper>
* layoutoffset:(h,v)=(0.0pt,0.0pt)
* modes: includehead includefoot 
* h-part:(L,W,R)=(28.45274pt, 307.28987pt, 28.45274pt)
* v-part:(T,H,B)=(0.0pt, 273.14662pt, 0.0pt)
* \paperwidth=364.19536pt
* \paperheight=273.14662pt
* \textwidth=307.28987pt
* \textheight=244.6939pt
* \oddsidemargin=-43.81725pt
* \evensidemargin=-43.81725pt
* \topmargin=-72.26999pt
* \headheight=14.22636pt
* \headsep=0.0pt
* \topskip=12.0pt
* \footskip=14.22636pt
* \marginparwidth=4.0pt
* \marginparsep=10.0pt
* \columnsep=10.0pt
* \skip\footins=10.8pt plus 4.0pt minus 2.0pt
* \hoffset=0.0pt
* \voffset=0.0pt
* \mag=1000
* \@twocolumnfalse
* \@twosidefalse
* \@mparswitchfalse
* \@reversemarginfalse
* (1in=72.27pt=25.4mm, 1cm=28.453pt)

(/usr/share/texmf-dist/tex/context/base/mkii/supp-pdf.mkii
[Loading MPS to PDF converter (version 2006.09.02).]
\scratchcounter=\count366
\scratchdimen=\dimen308
\scratchbox=\box124
\nofMPsegments=\count367
\nofMParguments=\count368
\everyMPshowfont=\toks47
\MPscratchCnt=\count369
\MPscratchDim=\dimen309
\MPnumerator=\count370
\makeMPintoPDFobject=\count371
\everyMPtoPDFconversion=\toks48
) (/usr/share/texmf-dist/tex/latex/epstopdf-pkg/epstopdf-base.sty
Package: epstopdf-base 2020-01-24 v2.11 Base part for package epstopdf
Package epstopdf-base Info: Redefining graphics rule for `.eps' on input line 4
85.

(/usr/share/texmf-dist/tex/latex/latexconfig/epstopdf-sys.cfg
File: epstopdf-sys.cfg 2010/07/13 v1.3 Configuration of (r)epstopdf for TeX Liv
e
))
Package hyperref Info: Link coloring OFF on input line 67.

(./diapo_vicsek.out) (./diapo_vicsek.out)
\@outlinefile=\write5
\openout5 = `diapo_vicsek.out'.

LaTeX Font Info:    Overwriting symbol font `operators' in version `normal'
(Font)                  OT1/cmr/m/n --> OT1/cmss/m/n on input line 67.
LaTeX Font Info:    Overwriting symbol font `operators' in version `bold'
(Font)                  OT1/cmr/bx/n --> OT1/cmss/b/n on input line 67.
\symnumbers=\mathgroup6
\sympureletters=\mathgroup7
LaTeX Font Info:    Overwriting math alphabet `\mathrm' in version `normal'
(Font)                  OT1/cmss/m/n --> T1/bch/m/n on input line 67.
LaTeX Font Info:    Redeclaring math alphabet \mathbf on input line 67.
LaTeX Font Info:    Overwriting math alphabet `\mathbf' in version `normal'
(Font)                  OT1/cmr/bx/n --> T1/cmss/b/n on input line 67.
LaTeX Font Info:    Overwriting math alphabet `\mathbf' in version `bold'
(Font)                  OT1/cmr/bx/n --> T1/cmss/b/n on input line 67.
LaTeX Font Info:    Redeclaring math alphabet \mathsf on input line 67.
LaTeX Font Info:    Overwriting math alphabet `\mathsf' in version `normal'
(Font)                  OT1/cmss/m/n --> T1/cmss/m/n on input line 67.
LaTeX Font Info:    Overwriting math alphabet `\mathsf' in version `bold'
(Font)                  OT1/cmss/bx/n --> T1/cmss/m/n on input line 67.
LaTeX Font Info:    Redeclaring math alphabet \mathit on input line 67.
LaTeX Font Info:    Overwriting math alphabet `\mathit' in version `normal'
(Font)                  OT1/cmr/m/it --> T1/cmss/m/it on input line 67.
LaTeX Font Info:    Overwriting math alphabet `\mathit' in version `bold'
(Font)                  OT1/cmr/bx/it --> T1/cmss/m/it on input line 67.
LaTeX Font Info:    Redeclaring math alphabet \mathtt on input line 67.
LaTeX Font Info:    Overwriting math alphabet `\mathtt' in version `normal'
(Font)                  OT1/cmtt/m/n --> T1/cmtt/m/n on input line 67.
LaTeX Font Info:    Overwriting math alphabet `\mathtt' in version `bold'
(Font)                  OT1/cmtt/m/n --> T1/cmtt/m/n on input line 67.
LaTeX Font Info:    Overwriting symbol font `numbers' in version `bold'
(Font)                  T1/cmss/m/n --> T1/cmss/b/n on input line 67.
LaTeX Font Info:    Overwriting symbol font `pureletters' in version `bold'
(Font)                  T1/cmss/m/it --> T1/cmss/b/it on input line 67.
LaTeX Font Info:    Overwriting math alphabet `\mathrm' in version `bold'
(Font)                  OT1/cmss/b/n --> T1/bch/b/n on input line 67.
LaTeX Font Info:    Overwriting math alphabet `\mathbf' in version `bold'
(Font)                  T1/cmss/b/n --> T1/cmss/b/n on input line 67.
LaTeX Font Info:    Overwriting math alphabet `\mathsf' in version `bold'
(Font)                  T1/cmss/m/n --> T1/cmss/b/n on input line 67.
LaTeX Font Info:    Overwriting math alphabet `\mathit' in version `bold'
(Font)                  T1/cmss/m/it --> T1/cmss/b/it on input line 67.
LaTeX Font Info:    Overwriting math alphabet `\mathtt' in version `bold'
(Font)                  T1/cmtt/m/n --> T1/cmtt/b/n on input line 67.
LaTeX Font Info:    Redeclaring symbol font `pureletters' on input line 67.
LaTeX Font Info:    Encoding `T1' has changed to `OT1' for symbol font
(Font)              `pureletters' in the math version `normal' on input line 67
.
LaTeX Font Info:    Overwriting symbol font `pureletters' in version `normal'
(Font)                  T1/cmss/m/it --> OT1/mathkerncmss/m/sl on input line 67
.
LaTeX Font Info:    Encoding `T1' has changed to `OT1' for symbol font
(Font)              `pureletters' in the math version `bold' on input line 67.
LaTeX Font Info:    Overwriting symbol font `pureletters' in version `bold'
(Font)                  T1/cmss/b/it --> OT1/mathkerncmss/m/sl on input line 67
.
LaTeX Font Info:    Overwriting symbol font `pureletters' in version `bold'
(Font)                  OT1/mathkerncmss/m/sl --> OT1/mathkerncmss/bx/sl on inp
ut line 67.

(/usr/share/texmf-dist/tex/latex/translator/translator-basic-dictionary-English
.dict
Dictionary: translator-basic-dictionary, Language: English 
)
(/usr/share/texmf-dist/tex/latex/translator/translator-bibliography-dictionary-
English.dict
Dictionary: translator-bibliography-dictionary, Language: English 
)
(/usr/share/texmf-dist/tex/latex/translator/translator-environment-dictionary-E
nglish.dict
Dictionary: translator-environment-dictionary, Language: English 
)
(/usr/share/texmf-dist/tex/latex/translator/translator-months-dictionary-Englis
h.dict
Dictionary: translator-months-dictionary, Language: English 
)
(/usr/share/texmf-dist/tex/latex/translator/translator-numbers-dictionary-Engli
sh.dict
Dictionary: translator-numbers-dictionary, Language: English 
)
(/usr/share/texmf-dist/tex/latex/translator/translator-theorem-dictionary-Engli
sh.dict
Dictionary: translator-theorem-dictionary, Language: English 
) (./diapo_vicsek.nav)

LaTeX Font Warning: Font shape `T1/cmss/m/sc' undefined
(Font)              using `T1/cmss/m/n' instead on input line 67.

<images/ut3.png, id=85, 264.5082pt x 73.7154pt>
File: images/ut3.png Graphic file (type png)
<use images/ut3.png>
Package pdftex.def Info: images/ut3.png  used on input line 71.
(pdftex.def)             Requested size: 85.35826pt x 23.78848pt.
<images/uppa.png, id=87, 1102.1175pt x 419.5675pt>
File: images/uppa.png Graphic file (type png)
<use images/uppa.png>
Package pdftex.def Info: images/uppa.png  used on input line 71.
(pdftex.def)             Requested size: 71.13188pt x 27.07437pt.

Overfull \hbox (2.34813pt too wide) has occurred while \output is active
[] 
 []

[1{/var/lib/texmf/fonts/map/pdftex/updmap/pdftex.map}{/usr/share/texmf-dist/fon
ts/enc/dvips/cm-super/cm-super-t1.enc}

 <./images/ut3.png> <./images/uppa.png>]
(./diapo_vicsek.toc)
Overfull \hbox (2.34813pt too wide) has occurred while \output is active
[] 
 []

[2

]
<images/photo_vicsek.jpg, id=198, 475.7775pt x 714.67pt>
File: images/photo_vicsek.jpg Graphic file (type jpg)
<use images/photo_vicsek.jpg>
Package pdftex.def Info: images/photo_vicsek.jpg  used on input line 93.
(pdftex.def)             Requested size: 113.81102pt x 170.95724pt.
LaTeX Font Info:    Trying to load font information for U+msa on input line 93.

 (/usr/share/texmf-dist/tex/latex/amsfonts/umsa.fd
File: umsa.fd 2013/01/14 v3.01 AMS symbols A
)
LaTeX Font Info:    Trying to load font information for U+msb on input line 93.


(/usr/share/texmf-dist/tex/latex/amsfonts/umsb.fd
File: umsb.fd 2013/01/14 v3.01 AMS symbols B
)
LaTeX Font Info:    Trying to load font information for OT1+mathkerncmss on inp
ut line 93.

(/usr/share/texmf-dist/tex/latex/sansmathaccent/ot1mathkerncmss.fd
File: ot1mathkerncmss.fd 2020/01/31 Fontinst v1.933 font definitions for OT1/ma
thkerncmss.
)
Overfull \hbox (2.34813pt too wide) has occurred while \output is active
[] 
 []

[3

 <./images/photo_vicsek.jpg>]
<images/calendrier.jpg, id=231, 1204.5pt x 1204.5pt>
File: images/calendrier.jpg Graphic file (type jpg)
<use images/calendrier.jpg>
Package pdftex.def Info: images/calendrier.jpg  used on input line 93.
(pdftex.def)             Requested size: 170.71652pt x 170.70569pt.

Overfull \hbox (2.34813pt too wide) has occurred while \output is active
[] 
 []

[4

 <./images/calendrier.jpg>]
<images/essaim_oiseau.jpg, id=264, 192.72pt x 128.3997pt>
File: images/essaim_oiseau.jpg Graphic file (type jpg)
<use images/essaim_oiseau.jpg>
Package pdftex.def Info: images/essaim_oiseau.jpg  used on input line 93.
(pdftex.def)             Requested size: 170.71652pt x 113.73854pt.

Overfull \hbox (2.34813pt too wide) has occurred while \output is active
[] 
 []

[5

 <./images/essaim_oiseau.jpg>]
<images/grues.jpg, id=297, 1204.5pt x 859.21pt>
File: images/grues.jpg Graphic file (type jpg)
<use images/grues.jpg>
Package pdftex.def Info: images/grues.jpg  used on input line 93.
(pdftex.def)             Requested size: 170.71652pt x 121.77007pt.

Overfull \hbox (2.34813pt too wide) has occurred while \output is active
[] 
 []

[6

 <./images/grues.jpg>]
<images/regle.jpg, id=330, 475.7775pt x 475.7775pt>
File: images/regle.jpg Graphic file (type jpg)
<use images/regle.jpg>
Package pdftex.def Info: images/regle.jpg  used on input line 108.
(pdftex.def)             Requested size: 113.81102pt x 113.81142pt.

Overfull \hbox (2.34813pt too wide) has occurred while \output is active
[] 
 []

[7

 <./images/regle.jpg>]
<images/image_3.png, id=364, 154.176pt x 115.632pt>
File: images/image_3.png Graphic file (type png)
<use images/image_3.png>
Package pdftex.def Info: images/image_3.png  used on input line 108.
(pdftex.def)             Requested size: 227.62204pt x 170.7198pt.

Overfull \vbox (8.66182pt too high) detected at line 108
 []


Overfull \hbox (2.34813pt too wide) has occurred while \output is active
[] 
 []

[8

 <./images/image_3.png>]
<images/image_4.png, id=398, 154.176pt x 115.632pt>
File: images/image_4.png Graphic file (type png)
<use images/image_4.png>
Package pdftex.def Info: images/image_4.png  used on input line 108.
(pdftex.def)             Requested size: 227.62204pt x 170.7198pt.

Overfull \vbox (7.99532pt too high) detected at line 108
 []


Overfull \hbox (2.34813pt too wide) has occurred while \output is active
[] 
 []

[9

 <./images/image_4.png>]
Overfull \hbox (2.34813pt too wide) has occurred while \output is active
[] 
 []

[10

]
Overfull \hbox (2.34813pt too wide) has occurred while \output is active
[] 
 []

[11

]
Overfull \hbox (2.34813pt too wide) has occurred while \output is active
[] 
 []

[12

]
Overfull \hbox (2.34813pt too wide) has occurred while \output is active
[] 
 []

[13

]
Overfull \hbox (2.34813pt too wide) has occurred while \output is active
[] 
 []

[14

]
<images/foule.jpg, id=600, 427.999pt x 321.2pt>
File: images/foule.jpg Graphic file (type jpg)
<use images/foule.jpg>
Package pdftex.def Info: images/foule.jpg  used on input line 140.
(pdftex.def)             Requested size: 227.62204pt x 170.82822pt.

Overfull \hbox (2.34813pt too wide) has occurred while \output is active
[] 
 []

[15

 <./images/foule.jpg>]
<images/drone.jpg, id=634, 475.7775pt x 237.88875pt>
File: images/drone.jpg Graphic file (type jpg)
<use images/drone.jpg>
Package pdftex.def Info: images/drone.jpg  used on input line 140.
(pdftex.def)             Requested size: 227.62204pt x 113.81142pt.

Overfull \hbox (2.34813pt too wide) has occurred while \output is active
[] 
 []

[16

 <./images/drone.jpg>] (./diapo_vicsek.toc)
Overfull \hbox (2.34813pt too wide) has occurred while \output is active
[] 
 []

[17

]
<images/code.png, id=707, 787.94376pt x 97.36375pt>
File: images/code.png Graphic file (type png)
<use images/code.png>
Package pdftex.def Info: images/code.png  used on input line 147.
(pdftex.def)             Requested size: 284.52756pt x 35.15788pt.
<images/code2.png, id=708, 213.79875pt x 59.22125pt>
File: images/code2.png Graphic file (type png)
<use images/code2.png>
Package pdftex.def Info: images/code2.png  used on input line 147.
(pdftex.def)             Requested size: 142.26378pt x 39.40602pt.

Overfull \hbox (2.34813pt too wide) has occurred while \output is active
[] 
 []

[18

 <./images/code.png> <./images/code2.png>]
Overfull \hbox (2.34813pt too wide) has occurred while \output is active
[] 
 []

[19

]
Overfull \hbox (2.34813pt too wide) has occurred while \output is active
[] 
 []

[20

] (./diapo_vicsek.toc)
Overfull \hbox (2.34813pt too wide) has occurred while \output is active
[] 
 []

[21

]
<images/image_8.png, id=849, 154.176pt x 115.632pt>
File: images/image_8.png Graphic file (type png)
<use images/image_8.png>
Package pdftex.def Info: images/image_8.png  used on input line 232.
(pdftex.def)             Requested size: 227.62204pt x 170.7198pt.

Overfull \hbox (2.34813pt too wide) has occurred while \output is active
[] 
 []

[22

 <./images/image_8.png>]
<images/anim/01.png, id=883, 642.4pt x 481.8pt>
File: images/anim/01.png Graphic file (type png)
<use images/anim/01.png>
Package pdftex.def Info: images/anim/01.png  used on input line 232.
(pdftex.def)             Requested size: 227.62204pt x 170.71304pt.

Overfull \hbox (2.34813pt too wide) has occurred while \output is active
[] 
 []

[23

 <./images/anim/01.png>]
<images/anim/02.png, id=917, 642.4pt x 481.8pt>
File: images/anim/02.png Graphic file (type png)
<use images/anim/02.png>
Package pdftex.def Info: images/anim/02.png  used on input line 232.
(pdftex.def)             Requested size: 227.62204pt x 170.71304pt.

Overfull \hbox (2.34813pt too wide) has occurred while \output is active
[] 
 []

[24

 <./images/anim/02.png>]
<images/anim/03.png, id=952, 642.4pt x 481.8pt>
File: images/anim/03.png Graphic file (type png)
<use images/anim/03.png>
Package pdftex.def Info: images/anim/03.png  used on input line 232.
(pdftex.def)             Requested size: 227.62204pt x 170.71304pt.

Overfull \hbox (2.34813pt too wide) has occurred while \output is active
[] 
 []

[25

 <./images/anim/03.png>]
<images/anim/04.png, id=987, 642.4pt x 481.8pt>
File: images/anim/04.png Graphic file (type png)
<use images/anim/04.png>
Package pdftex.def Info: images/anim/04.png  used on input line 232.
(pdftex.def)             Requested size: 227.62204pt x 170.71304pt.

Overfull \hbox (2.34813pt too wide) has occurred while \output is active
[] 
 []

[26

 <./images/anim/04.png>]
<images/anim/05.png, id=1021, 642.4pt x 481.8pt>
File: images/anim/05.png Graphic file (type png)
<use images/anim/05.png>
Package pdftex.def Info: images/anim/05.png  used on input line 232.
(pdftex.def)             Requested size: 227.62204pt x 170.71304pt.

Overfull \hbox (2.34813pt too wide) has occurred while \output is active
[] 
 []

[27

 <./images/anim/05.png>]
<images/anim/06.png, id=1056, 642.4pt x 481.8pt>
File: images/anim/06.png Graphic file (type png)
<use images/anim/06.png>
Package pdftex.def Info: images/anim/06.png  used on input line 232.
(pdftex.def)             Requested size: 227.62204pt x 170.71304pt.

Overfull \hbox (2.34813pt too wide) has occurred while \output is active
[] 
 []

[28

 <./images/anim/06.png>]
<images/anim/07.png, id=1090, 642.4pt x 481.8pt>
File: images/anim/07.png Graphic file (type png)
<use images/anim/07.png>
Package pdftex.def Info: images/anim/07.png  used on input line 232.
(pdftex.def)             Requested size: 227.62204pt x 170.71304pt.

Overfull \hbox (2.34813pt too wide) has occurred while \output is active
[] 
 []

[29

 <./images/anim/07.png>]
<images/anim/08.png, id=1124, 642.4pt x 481.8pt>
File: images/anim/08.png Graphic file (type png)
<use images/anim/08.png>
Package pdftex.def Info: images/anim/08.png  used on input line 232.
(pdftex.def)             Requested size: 227.62204pt x 170.71304pt.

Overfull \hbox (2.34813pt too wide) has occurred while \output is active
[] 
 []

[30

 <./images/anim/08.png>]
<images/anim/09.png, id=1158, 642.4pt x 481.8pt>
File: images/anim/09.png Graphic file (type png)
<use images/anim/09.png>
Package pdftex.def Info: images/anim/09.png  used on input line 232.
(pdftex.def)             Requested size: 227.62204pt x 170.71304pt.

Overfull \hbox (2.34813pt too wide) has occurred while \output is active
[] 
 []

[31

 <./images/anim/09.png>]
<images/anim/10.png, id=1194, 642.4pt x 481.8pt>
File: images/anim/10.png Graphic file (type png)
<use images/anim/10.png>
Package pdftex.def Info: images/anim/10.png  used on input line 232.
(pdftex.def)             Requested size: 227.62204pt x 170.71304pt.

Overfull \hbox (2.34813pt too wide) has occurred while \output is active
[] 
 []

[32

 <./images/anim/10.png>]
<images/anim/11.png, id=1228, 642.4pt x 481.8pt>
File: images/anim/11.png Graphic file (type png)
<use images/anim/11.png>
Package pdftex.def Info: images/anim/11.png  used on input line 232.
(pdftex.def)             Requested size: 227.62204pt x 170.71304pt.

Overfull \hbox (2.34813pt too wide) has occurred while \output is active
[] 
 []

[33

 <./images/anim/11.png>]
<images/anim/12.png, id=1262, 642.4pt x 481.8pt>
File: images/anim/12.png Graphic file (type png)
<use images/anim/12.png>
Package pdftex.def Info: images/anim/12.png  used on input line 232.
(pdftex.def)             Requested size: 227.62204pt x 170.71304pt.

Overfull \hbox (2.34813pt too wide) has occurred while \output is active
[] 
 []

[34

 <./images/anim/12.png>]
<images/anim/13.png, id=1297, 642.4pt x 481.8pt>
File: images/anim/13.png Graphic file (type png)
<use images/anim/13.png>
Package pdftex.def Info: images/anim/13.png  used on input line 232.
(pdftex.def)             Requested size: 227.62204pt x 170.71304pt.

Overfull \hbox (2.34813pt too wide) has occurred while \output is active
[] 
 []

[35

 <./images/anim/13.png>]
<images/anim/14.png, id=1331, 642.4pt x 481.8pt>
File: images/anim/14.png Graphic file (type png)
<use images/anim/14.png>
Package pdftex.def Info: images/anim/14.png  used on input line 232.
(pdftex.def)             Requested size: 227.62204pt x 170.71304pt.

Overfull \hbox (2.34813pt too wide) has occurred while \output is active
[] 
 []

[36

 <./images/anim/14.png>]
<images/anim/15.png, id=1365, 642.4pt x 481.8pt>
File: images/anim/15.png Graphic file (type png)
<use images/anim/15.png>
Package pdftex.def Info: images/anim/15.png  used on input line 232.
(pdftex.def)             Requested size: 227.62204pt x 170.71304pt.

Overfull \hbox (2.34813pt too wide) has occurred while \output is active
[] 
 []

[37

 <./images/anim/15.png>]
<images/anim/16.png, id=1401, 642.4pt x 481.8pt>
File: images/anim/16.png Graphic file (type png)
<use images/anim/16.png>
Package pdftex.def Info: images/anim/16.png  used on input line 232.
(pdftex.def)             Requested size: 227.62204pt x 170.71304pt.

Overfull \hbox (2.34813pt too wide) has occurred while \output is active
[] 
 []

[38

 <./images/anim/16.png>]
<images/anim/17.png, id=1435, 642.4pt x 481.8pt>
File: images/anim/17.png Graphic file (type png)
<use images/anim/17.png>
Package pdftex.def Info: images/anim/17.png  used on input line 232.
(pdftex.def)             Requested size: 227.62204pt x 170.71304pt.

Overfull \hbox (2.34813pt too wide) has occurred while \output is active
[] 
 []

[39

 <./images/anim/17.png>]
<images/anim/18.png, id=1469, 642.4pt x 481.8pt>
File: images/anim/18.png Graphic file (type png)
<use images/anim/18.png>
Package pdftex.def Info: images/anim/18.png  used on input line 232.
(pdftex.def)             Requested size: 227.62204pt x 170.71304pt.

Overfull \hbox (2.34813pt too wide) has occurred while \output is active
[] 
 []

[40

 <./images/anim/18.png>]
<images/anim/19.png, id=1504, 642.4pt x 481.8pt>
File: images/anim/19.png Graphic file (type png)
<use images/anim/19.png>
Package pdftex.def Info: images/anim/19.png  used on input line 232.
(pdftex.def)             Requested size: 227.62204pt x 170.71304pt.

Overfull \hbox (2.34813pt too wide) has occurred while \output is active
[] 
 []

[41

 <./images/anim/19.png>]
<images/anim/20.png, id=1538, 642.4pt x 481.8pt>
File: images/anim/20.png Graphic file (type png)
<use images/anim/20.png>
Package pdftex.def Info: images/anim/20.png  used on input line 232.
(pdftex.def)             Requested size: 227.62204pt x 170.71304pt.

Overfull \hbox (2.34813pt too wide) has occurred while \output is active
[] 
 []

[42

 <./images/anim/20.png>]
<images/anim/21.png, id=1572, 642.4pt x 481.8pt>
File: images/anim/21.png Graphic file (type png)
<use images/anim/21.png>
Package pdftex.def Info: images/anim/21.png  used on input line 232.
(pdftex.def)             Requested size: 227.62204pt x 170.71304pt.

Overfull \hbox (2.34813pt too wide) has occurred while \output is active
[] 
 []

[43

 <./images/anim/21.png>]
<images/anim/22.png, id=1608, 642.4pt x 481.8pt>
File: images/anim/22.png Graphic file (type png)
<use images/anim/22.png>
Package pdftex.def Info: images/anim/22.png  used on input line 232.
(pdftex.def)             Requested size: 227.62204pt x 170.71304pt.

Overfull \hbox (2.34813pt too wide) has occurred while \output is active
[] 
 []

[44

 <./images/anim/22.png>]
<images/anim/23.png, id=1642, 642.4pt x 481.8pt>
File: images/anim/23.png Graphic file (type png)
<use images/anim/23.png>
Package pdftex.def Info: images/anim/23.png  used on input line 232.
(pdftex.def)             Requested size: 227.62204pt x 170.71304pt.

Overfull \hbox (2.34813pt too wide) has occurred while \output is active
[] 
 []

[45

 <./images/anim/23.png>]
<images/anim/24.png, id=1676, 642.4pt x 481.8pt>
File: images/anim/24.png Graphic file (type png)
<use images/anim/24.png>
Package pdftex.def Info: images/anim/24.png  used on input line 232.
(pdftex.def)             Requested size: 227.62204pt x 170.71304pt.

Overfull \hbox (2.34813pt too wide) has occurred while \output is active
[] 
 []

[46

 <./images/anim/24.png>]
<images/anim/25.png, id=1710, 642.4pt x 481.8pt>
File: images/anim/25.png Graphic file (type png)
<use images/anim/25.png>
Package pdftex.def Info: images/anim/25.png  used on input line 232.
(pdftex.def)             Requested size: 227.62204pt x 170.71304pt.

Overfull \hbox (2.34813pt too wide) has occurred while \output is active
[] 
 []

[47

 <./images/anim/25.png>]
<images/anim/26.png, id=1745, 642.4pt x 481.8pt>
File: images/anim/26.png Graphic file (type png)
<use images/anim/26.png>
Package pdftex.def Info: images/anim/26.png  used on input line 232.
(pdftex.def)             Requested size: 227.62204pt x 170.71304pt.

Overfull \hbox (2.34813pt too wide) has occurred while \output is active
[] 
 []

[48

 <./images/anim/26.png>]
<images/anim/27.png, id=1779, 642.4pt x 481.8pt>
File: images/anim/27.png Graphic file (type png)
<use images/anim/27.png>
Package pdftex.def Info: images/anim/27.png  used on input line 232.
(pdftex.def)             Requested size: 227.62204pt x 170.71304pt.

Overfull \hbox (2.34813pt too wide) has occurred while \output is active
[] 
 []

[49

 <./images/anim/27.png>]
<images/anim/28.png, id=1814, 642.4pt x 481.8pt>
File: images/anim/28.png Graphic file (type png)
<use images/anim/28.png>
Package pdftex.def Info: images/anim/28.png  used on input line 232.
(pdftex.def)             Requested size: 227.62204pt x 170.71304pt.

Overfull \hbox (2.34813pt too wide) has occurred while \output is active
[] 
 []

[50

 <./images/anim/28.png>]
<images/anim/29.png, id=1849, 642.4pt x 481.8pt>
File: images/anim/29.png Graphic file (type png)
<use images/anim/29.png>
Package pdftex.def Info: images/anim/29.png  used on input line 232.
(pdftex.def)             Requested size: 227.62204pt x 170.71304pt.

Overfull \hbox (2.34813pt too wide) has occurred while \output is active
[] 
 []

[51

 <./images/anim/29.png>]
<images/anim/30.png, id=1883, 642.4pt x 481.8pt>
File: images/anim/30.png Graphic file (type png)
<use images/anim/30.png>
Package pdftex.def Info: images/anim/30.png  used on input line 232.
(pdftex.def)             Requested size: 227.62204pt x 170.71304pt.

Overfull \hbox (2.34813pt too wide) has occurred while \output is active
[] 
 []

[52

 <./images/anim/30.png>]
<images/anim/31.png, id=1917, 642.4pt x 481.8pt>
File: images/anim/31.png Graphic file (type png)
<use images/anim/31.png>
Package pdftex.def Info: images/anim/31.png  used on input line 232.
(pdftex.def)             Requested size: 227.62204pt x 170.71304pt.

Overfull \hbox (2.34813pt too wide) has occurred while \output is active
[] 
 []

[53

 <./images/anim/31.png>]
<images/anim/32.png, id=1952, 642.4pt x 481.8pt>
File: images/anim/32.png Graphic file (type png)
<use images/anim/32.png>
Package pdftex.def Info: images/anim/32.png  used on input line 232.
(pdftex.def)             Requested size: 227.62204pt x 170.71304pt.

Overfull \hbox (2.34813pt too wide) has occurred while \output is active
[] 
 []

[54

 <./images/anim/32.png>]
<images/anim/33.png, id=1986, 642.4pt x 481.8pt>
File: images/anim/33.png Graphic file (type png)
<use images/anim/33.png>
Package pdftex.def Info: images/anim/33.png  used on input line 232.
(pdftex.def)             Requested size: 227.62204pt x 170.71304pt.

Overfull \hbox (2.34813pt too wide) has occurred while \output is active
[] 
 []

[55

 <./images/anim/33.png>]
<images/anim/34.png, id=2021, 642.4pt x 481.8pt>
File: images/anim/34.png Graphic file (type png)
<use images/anim/34.png>
Package pdftex.def Info: images/anim/34.png  used on input line 232.
(pdftex.def)             Requested size: 227.62204pt x 170.71304pt.

Overfull \hbox (2.34813pt too wide) has occurred while \output is active
[] 
 []

[56

 <./images/anim/34.png>]
<images/anim/35.png, id=2056, 642.4pt x 481.8pt>
File: images/anim/35.png Graphic file (type png)
<use images/anim/35.png>
Package pdftex.def Info: images/anim/35.png  used on input line 232.
(pdftex.def)             Requested size: 227.62204pt x 170.71304pt.

Overfull \hbox (2.34813pt too wide) has occurred while \output is active
[] 
 []

[57

 <./images/anim/35.png>]
<images/anim/36.png, id=2090, 642.4pt x 481.8pt>
File: images/anim/36.png Graphic file (type png)
<use images/anim/36.png>
Package pdftex.def Info: images/anim/36.png  used on input line 232.
(pdftex.def)             Requested size: 227.62204pt x 170.71304pt.

Overfull \hbox (2.34813pt too wide) has occurred while \output is active
[] 
 []

[58

 <./images/anim/36.png>]
<images/anim/37.png, id=2124, 642.4pt x 481.8pt>
File: images/anim/37.png Graphic file (type png)
<use images/anim/37.png>
Package pdftex.def Info: images/anim/37.png  used on input line 232.
(pdftex.def)             Requested size: 227.62204pt x 170.71304pt.

Overfull \hbox (2.34813pt too wide) has occurred while \output is active
[] 
 []

[59

 <./images/anim/37.png>]
<images/anim/38.png, id=2158, 642.4pt x 481.8pt>
File: images/anim/38.png Graphic file (type png)
<use images/anim/38.png>
Package pdftex.def Info: images/anim/38.png  used on input line 232.
(pdftex.def)             Requested size: 227.62204pt x 170.71304pt.

Overfull \hbox (2.34813pt too wide) has occurred while \output is active
[] 
 []

[60

 <./images/anim/38.png>]
<images/anim/39.png, id=2193, 642.4pt x 481.8pt>
File: images/anim/39.png Graphic file (type png)
<use images/anim/39.png>
Package pdftex.def Info: images/anim/39.png  used on input line 232.
(pdftex.def)             Requested size: 227.62204pt x 170.71304pt.

Overfull \hbox (2.34813pt too wide) has occurred while \output is active
[] 
 []

[61

 <./images/anim/39.png>]
<images/anim/40.png, id=2228, 642.4pt x 481.8pt>
File: images/anim/40.png Graphic file (type png)
<use images/anim/40.png>
Package pdftex.def Info: images/anim/40.png  used on input line 232.
(pdftex.def)             Requested size: 227.62204pt x 170.71304pt.

Overfull \hbox (2.34813pt too wide) has occurred while \output is active
[] 
 []

[62

 <./images/anim/40.png>]
<images/anim/41.png, id=2262, 642.4pt x 481.8pt>
File: images/anim/41.png Graphic file (type png)
<use images/anim/41.png>
Package pdftex.def Info: images/anim/41.png  used on input line 232.
(pdftex.def)             Requested size: 227.62204pt x 170.71304pt.

Overfull \hbox (2.34813pt too wide) has occurred while \output is active
[] 
 []

[63

 <./images/anim/41.png>]
<images/anim/42.png, id=2297, 642.4pt x 481.8pt>
File: images/anim/42.png Graphic file (type png)
<use images/anim/42.png>
Package pdftex.def Info: images/anim/42.png  used on input line 232.
(pdftex.def)             Requested size: 227.62204pt x 170.71304pt.

Overfull \hbox (2.34813pt too wide) has occurred while \output is active
[] 
 []

[64

 <./images/anim/42.png>]
<images/anim/43.png, id=2331, 642.4pt x 481.8pt>
File: images/anim/43.png Graphic file (type png)
<use images/anim/43.png>
Package pdftex.def Info: images/anim/43.png  used on input line 232.
(pdftex.def)             Requested size: 227.62204pt x 170.71304pt.

Overfull \hbox (2.34813pt too wide) has occurred while \output is active
[] 
 []

[65

 <./images/anim/43.png>]
<images/anim/44.png, id=2365, 642.4pt x 481.8pt>
File: images/anim/44.png Graphic file (type png)
<use images/anim/44.png>
Package pdftex.def Info: images/anim/44.png  used on input line 232.
(pdftex.def)             Requested size: 227.62204pt x 170.71304pt.

Overfull \hbox (2.34813pt too wide) has occurred while \output is active
[] 
 []

[66

 <./images/anim/44.png>]
<images/anim/45.png, id=2400, 642.4pt x 481.8pt>
File: images/anim/45.png Graphic file (type png)
<use images/anim/45.png>
Package pdftex.def Info: images/anim/45.png  used on input line 232.
(pdftex.def)             Requested size: 227.62204pt x 170.71304pt.

Overfull \hbox (2.34813pt too wide) has occurred while \output is active
[] 
 []

[67

 <./images/anim/45.png>]
<images/anim/46.png, id=2435, 642.4pt x 481.8pt>
File: images/anim/46.png Graphic file (type png)
<use images/anim/46.png>
Package pdftex.def Info: images/anim/46.png  used on input line 232.
(pdftex.def)             Requested size: 227.62204pt x 170.71304pt.

Overfull \hbox (2.34813pt too wide) has occurred while \output is active
[] 
 []

[68

 <./images/anim/46.png>]
<images/anim/47.png, id=2469, 642.4pt x 481.8pt>
File: images/anim/47.png Graphic file (type png)
<use images/anim/47.png>
Package pdftex.def Info: images/anim/47.png  used on input line 232.
(pdftex.def)             Requested size: 227.62204pt x 170.71304pt.

Overfull \hbox (2.34813pt too wide) has occurred while \output is active
[] 
 []

[69

 <./images/anim/47.png>]
<images/anim/48.png, id=2504, 642.4pt x 481.8pt>
File: images/anim/48.png Graphic file (type png)
<use images/anim/48.png>
Package pdftex.def Info: images/anim/48.png  used on input line 232.
(pdftex.def)             Requested size: 227.62204pt x 170.71304pt.

Overfull \hbox (2.34813pt too wide) has occurred while \output is active
[] 
 []

[70

 <./images/anim/48.png>]
<images/anim/49.png, id=2538, 642.4pt x 481.8pt>
File: images/anim/49.png Graphic file (type png)
<use images/anim/49.png>
Package pdftex.def Info: images/anim/49.png  used on input line 232.
(pdftex.def)             Requested size: 227.62204pt x 170.71304pt.

Overfull \hbox (2.34813pt too wide) has occurred while \output is active
[] 
 []

[71

 <./images/anim/49.png>]
File: images/anim/49.png Graphic file (type png)
<use images/anim/49.png>
Package pdftex.def Info: images/anim/49.png  used on input line 232.
(pdftex.def)             Requested size: 227.62204pt x 170.71304pt.

Overfull \hbox (2.34813pt too wide) has occurred while \output is active
[] 
 []

[72

]
<images/image_12.png, id=2603, 154.176pt x 115.632pt>
File: images/image_12.png Graphic file (type png)
<use images/image_12.png>
Package pdftex.def Info: images/image_12.png  used on input line 249.
(pdftex.def)             Requested size: 227.62204pt x 170.7198pt.

Overfull \hbox (9.10262pt too wide) in paragraph at lines 249--249
 [] 
 []


Overfull \hbox (2.34813pt too wide) has occurred while \output is active
[] 
 []

[73

 <./images/image_12.png>]
File: images/image_12.png Graphic file (type png)
<use images/image_12.png>
Package pdftex.def Info: images/image_12.png  used on input line 249.
(pdftex.def)             Requested size: 227.62204pt x 170.7198pt.

Overfull \hbox (9.10262pt too wide) in paragraph at lines 249--249
 [] 
 []


Overfull \hbox (2.34813pt too wide) has occurred while \output is active
[] 
 []

[74

]
<images/bruit/01.png, id=2670, 642.4pt x 481.8pt>
File: images/bruit/01.png Graphic file (type png)
<use images/bruit/01.png>
Package pdftex.def Info: images/bruit/01.png  used on input line 314.
(pdftex.def)             Requested size: 227.62204pt x 170.71304pt.

Overfull \hbox (9.10262pt too wide) in paragraph at lines 314--314
 [] 
 []


Overfull \hbox (2.34813pt too wide) has occurred while \output is active
[] 
 []

[75

 <./images/bruit/01.png>]
<images/bruit/02.png, id=2704, 642.4pt x 481.8pt>
File: images/bruit/02.png Graphic file (type png)
<use images/bruit/02.png>
Package pdftex.def Info: images/bruit/02.png  used on input line 314.
(pdftex.def)             Requested size: 227.62204pt x 170.71304pt.

Overfull \hbox (9.10262pt too wide) in paragraph at lines 314--314
 [] 
 []


Overfull \hbox (2.34813pt too wide) has occurred while \output is active
[] 
 []

[76

 <./images/bruit/02.png>]
<images/bruit/03.png, id=2739, 642.4pt x 481.8pt>
File: images/bruit/03.png Graphic file (type png)
<use images/bruit/03.png>
Package pdftex.def Info: images/bruit/03.png  used on input line 314.
(pdftex.def)             Requested size: 227.62204pt x 170.71304pt.

Overfull \hbox (9.10262pt too wide) in paragraph at lines 314--314
 [] 
 []


Overfull \hbox (2.34813pt too wide) has occurred while \output is active
[] 
 []

[77

 <./images/bruit/03.png>]
<images/bruit/04.png, id=2773, 642.4pt x 481.8pt>
File: images/bruit/04.png Graphic file (type png)
<use images/bruit/04.png>
Package pdftex.def Info: images/bruit/04.png  used on input line 314.
(pdftex.def)             Requested size: 227.62204pt x 170.71304pt.

Overfull \hbox (9.10262pt too wide) in paragraph at lines 314--314
 [] 
 []


Overfull \hbox (2.34813pt too wide) has occurred while \output is active
[] 
 []

[78

 <./images/bruit/04.png>]
<images/bruit/05.png, id=2807, 642.4pt x 481.8pt>
File: images/bruit/05.png Graphic file (type png)
<use images/bruit/05.png>
Package pdftex.def Info: images/bruit/05.png  used on input line 314.
(pdftex.def)             Requested size: 227.62204pt x 170.71304pt.

Overfull \hbox (9.10262pt too wide) in paragraph at lines 314--314
 [] 
 []


Overfull \hbox (2.34813pt too wide) has occurred while \output is active
[] 
 []

[79

 <./images/bruit/05.png>]
<images/bruit/06.png, id=2843, 642.4pt x 481.8pt>
File: images/bruit/06.png Graphic file (type png)
<use images/bruit/06.png>
Package pdftex.def Info: images/bruit/06.png  used on input line 314.
(pdftex.def)             Requested size: 227.62204pt x 170.71304pt.

Overfull \hbox (9.10262pt too wide) in paragraph at lines 314--314
 [] 
 []


Overfull \hbox (2.34813pt too wide) has occurred while \output is active
[] 
 []

[80

 <./images/bruit/06.png>]
<images/bruit/07.png, id=2877, 642.4pt x 481.8pt>
File: images/bruit/07.png Graphic file (type png)
<use images/bruit/07.png>
Package pdftex.def Info: images/bruit/07.png  used on input line 314.
(pdftex.def)             Requested size: 227.62204pt x 170.71304pt.

Overfull \hbox (9.10262pt too wide) in paragraph at lines 314--314
 [] 
 []


Overfull \hbox (2.34813pt too wide) has occurred while \output is active
[] 
 []

[81

 <./images/bruit/07.png>]
<images/bruit/08.png, id=2911, 642.4pt x 481.8pt>
File: images/bruit/08.png Graphic file (type png)
<use images/bruit/08.png>
Package pdftex.def Info: images/bruit/08.png  used on input line 314.
(pdftex.def)             Requested size: 227.62204pt x 170.71304pt.

Overfull \hbox (9.10262pt too wide) in paragraph at lines 314--314
 [] 
 []


Overfull \hbox (2.34813pt too wide) has occurred while \output is active
[] 
 []

[82

 <./images/bruit/08.png>]
<images/bruit/09.png, id=2946, 642.4pt x 481.8pt>
File: images/bruit/09.png Graphic file (type png)
<use images/bruit/09.png>
Package pdftex.def Info: images/bruit/09.png  used on input line 314.
(pdftex.def)             Requested size: 227.62204pt x 170.71304pt.

Overfull \hbox (9.10262pt too wide) in paragraph at lines 314--314
 [] 
 []


Overfull \hbox (2.34813pt too wide) has occurred while \output is active
[] 
 []

[83

 <./images/bruit/09.png>]
<images/bruit/10.png, id=2980, 642.4pt x 481.8pt>
File: images/bruit/10.png Graphic file (type png)
<use images/bruit/10.png>
Package pdftex.def Info: images/bruit/10.png  used on input line 314.
(pdftex.def)             Requested size: 227.62204pt x 170.71304pt.

Overfull \hbox (9.10262pt too wide) in paragraph at lines 314--314
 [] 
 []


Overfull \hbox (2.34813pt too wide) has occurred while \output is active
[] 
 []

[84

 <./images/bruit/10.png>]
<images/bruit/11.png, id=3014, 642.4pt x 481.8pt>
File: images/bruit/11.png Graphic file (type png)
<use images/bruit/11.png>
Package pdftex.def Info: images/bruit/11.png  used on input line 314.
(pdftex.def)             Requested size: 227.62204pt x 170.71304pt.

Overfull \hbox (9.10262pt too wide) in paragraph at lines 314--314
 [] 
 []


Overfull \hbox (2.34813pt too wide) has occurred while \output is active
[] 
 []

[85

 <./images/bruit/11.png>]
<images/bruit/12.png, id=3050, 642.4pt x 481.8pt>
File: images/bruit/12.png Graphic file (type png)
<use images/bruit/12.png>
Package pdftex.def Info: images/bruit/12.png  used on input line 314.
(pdftex.def)             Requested size: 227.62204pt x 170.71304pt.

Overfull \hbox (9.10262pt too wide) in paragraph at lines 314--314
 [] 
 []


Overfull \hbox (2.34813pt too wide) has occurred while \output is active
[] 
 []

[86

 <./images/bruit/12.png>]
<images/bruit/13.png, id=3084, 642.4pt x 481.8pt>
File: images/bruit/13.png Graphic file (type png)
<use images/bruit/13.png>
Package pdftex.def Info: images/bruit/13.png  used on input line 314.
(pdftex.def)             Requested size: 227.62204pt x 170.71304pt.

Overfull \hbox (9.10262pt too wide) in paragraph at lines 314--314
 [] 
 []


Overfull \hbox (2.34813pt too wide) has occurred while \output is active
[] 
 []

[87

 <./images/bruit/13.png>]
<images/bruit/14.png, id=3118, 642.4pt x 481.8pt>
File: images/bruit/14.png Graphic file (type png)
<use images/bruit/14.png>
Package pdftex.def Info: images/bruit/14.png  used on input line 314.
(pdftex.def)             Requested size: 227.62204pt x 170.71304pt.

Overfull \hbox (9.10262pt too wide) in paragraph at lines 314--314
 [] 
 []


Overfull \hbox (2.34813pt too wide) has occurred while \output is active
[] 
 []

[88

 <./images/bruit/14.png>]
<images/bruit/15.png, id=3152, 642.4pt x 481.8pt>
File: images/bruit/15.png Graphic file (type png)
<use images/bruit/15.png>
Package pdftex.def Info: images/bruit/15.png  used on input line 314.
(pdftex.def)             Requested size: 227.62204pt x 170.71304pt.

Overfull \hbox (9.10262pt too wide) in paragraph at lines 314--314
 [] 
 []


Overfull \hbox (2.34813pt too wide) has occurred while \output is active
[] 
 []

[89

 <./images/bruit/15.png>]
<images/bruit/16.png, id=3187, 642.4pt x 481.8pt>
File: images/bruit/16.png Graphic file (type png)
<use images/bruit/16.png>
Package pdftex.def Info: images/bruit/16.png  used on input line 314.
(pdftex.def)             Requested size: 227.62204pt x 170.71304pt.

Overfull \hbox (9.10262pt too wide) in paragraph at lines 314--314
 [] 
 []


Overfull \hbox (2.34813pt too wide) has occurred while \output is active
[] 
 []

[90

 <./images/bruit/16.png>]
<images/bruit/17.png, id=3221, 642.4pt x 481.8pt>
File: images/bruit/17.png Graphic file (type png)
<use images/bruit/17.png>
Package pdftex.def Info: images/bruit/17.png  used on input line 314.
(pdftex.def)             Requested size: 227.62204pt x 170.71304pt.

Overfull \hbox (9.10262pt too wide) in paragraph at lines 314--314
 [] 
 []


Overfull \hbox (2.34813pt too wide) has occurred while \output is active
[] 
 []

[91

 <./images/bruit/17.png>]
<images/bruit/18.png, id=3256, 642.4pt x 481.8pt>
File: images/bruit/18.png Graphic file (type png)
<use images/bruit/18.png>
Package pdftex.def Info: images/bruit/18.png  used on input line 314.
(pdftex.def)             Requested size: 227.62204pt x 170.71304pt.

Overfull \hbox (9.10262pt too wide) in paragraph at lines 314--314
 [] 
 []


Overfull \hbox (2.34813pt too wide) has occurred while \output is active
[] 
 []

[92

 <./images/bruit/18.png>]
<images/bruit/19.png, id=3291, 642.4pt x 481.8pt>
File: images/bruit/19.png Graphic file (type png)
<use images/bruit/19.png>
Package pdftex.def Info: images/bruit/19.png  used on input line 314.
(pdftex.def)             Requested size: 227.62204pt x 170.71304pt.

Overfull \hbox (9.10262pt too wide) in paragraph at lines 314--314
 [] 
 []


Overfull \hbox (2.34813pt too wide) has occurred while \output is active
[] 
 []

[93

 <./images/bruit/19.png>]
<images/bruit/20.png, id=3325, 642.4pt x 481.8pt>
File: images/bruit/20.png Graphic file (type png)
<use images/bruit/20.png>
Package pdftex.def Info: images/bruit/20.png  used on input line 314.
(pdftex.def)             Requested size: 227.62204pt x 170.71304pt.

Overfull \hbox (9.10262pt too wide) in paragraph at lines 314--314
 [] 
 []


Overfull \hbox (2.34813pt too wide) has occurred while \output is active
[] 
 []

[94

 <./images/bruit/20.png>]
<images/bruit/21.png, id=3359, 642.4pt x 481.8pt>
File: images/bruit/21.png Graphic file (type png)
<use images/bruit/21.png>
Package pdftex.def Info: images/bruit/21.png  used on input line 314.
(pdftex.def)             Requested size: 227.62204pt x 170.71304pt.

Overfull \hbox (9.10262pt too wide) in paragraph at lines 314--314
 [] 
 []


Overfull \hbox (2.34813pt too wide) has occurred while \output is active
[] 
 []

[95

 <./images/bruit/21.png>]
<images/bruit/22.png, id=3394, 642.4pt x 481.8pt>
File: images/bruit/22.png Graphic file (type png)
<use images/bruit/22.png>
Package pdftex.def Info: images/bruit/22.png  used on input line 314.
(pdftex.def)             Requested size: 227.62204pt x 170.71304pt.

Overfull \hbox (9.10262pt too wide) in paragraph at lines 314--314
 [] 
 []


Overfull \hbox (2.34813pt too wide) has occurred while \output is active
[] 
 []

[96

 <./images/bruit/22.png>]
<images/bruit/23.png, id=3428, 642.4pt x 481.8pt>
File: images/bruit/23.png Graphic file (type png)
<use images/bruit/23.png>
Package pdftex.def Info: images/bruit/23.png  used on input line 314.
(pdftex.def)             Requested size: 227.62204pt x 170.71304pt.

Overfull \hbox (9.10262pt too wide) in paragraph at lines 314--314
 [] 
 []


Overfull \hbox (2.34813pt too wide) has occurred while \output is active
[] 
 []

[97

 <./images/bruit/23.png>]
<images/bruit/24.png, id=3463, 642.4pt x 481.8pt>
File: images/bruit/24.png Graphic file (type png)
<use images/bruit/24.png>
Package pdftex.def Info: images/bruit/24.png  used on input line 314.
(pdftex.def)             Requested size: 227.62204pt x 170.71304pt.

Overfull \hbox (9.10262pt too wide) in paragraph at lines 314--314
 [] 
 []


Overfull \hbox (2.34813pt too wide) has occurred while \output is active
[] 
 []

[98

 <./images/bruit/24.png>]
<images/bruit/25.png, id=3498, 642.4pt x 481.8pt>
File: images/bruit/25.png Graphic file (type png)
<use images/bruit/25.png>
Package pdftex.def Info: images/bruit/25.png  used on input line 314.
(pdftex.def)             Requested size: 227.62204pt x 170.71304pt.

Overfull \hbox (9.10262pt too wide) in paragraph at lines 314--314
 [] 
 []


Overfull \hbox (2.34813pt too wide) has occurred while \output is active
[] 
 []

[99

 <./images/bruit/25.png>]
<images/bruit/26.png, id=3532, 642.4pt x 481.8pt>
File: images/bruit/26.png Graphic file (type png)
<use images/bruit/26.png>
Package pdftex.def Info: images/bruit/26.png  used on input line 314.
(pdftex.def)             Requested size: 227.62204pt x 170.71304pt.

Overfull \hbox (9.10262pt too wide) in paragraph at lines 314--314
 [] 
 []


Overfull \hbox (2.34813pt too wide) has occurred while \output is active
[] 
 []

[100

 <./images/bruit/26.png>]
<images/bruit/27.png, id=3566, 642.4pt x 481.8pt>
File: images/bruit/27.png Graphic file (type png)
<use images/bruit/27.png>
Package pdftex.def Info: images/bruit/27.png  used on input line 314.
(pdftex.def)             Requested size: 227.62204pt x 170.71304pt.

Overfull \hbox (9.10262pt too wide) in paragraph at lines 314--314
 [] 
 []


Overfull \hbox (2.34813pt too wide) has occurred while \output is active
[] 
 []

[101

 <./images/bruit/27.png>]
<images/bruit/28.png, id=3600, 642.4pt x 481.8pt>
File: images/bruit/28.png Graphic file (type png)
<use images/bruit/28.png>
Package pdftex.def Info: images/bruit/28.png  used on input line 314.
(pdftex.def)             Requested size: 227.62204pt x 170.71304pt.

Overfull \hbox (9.10262pt too wide) in paragraph at lines 314--314
 [] 
 []


Overfull \hbox (2.34813pt too wide) has occurred while \output is active
[] 
 []

[102

 <./images/bruit/28.png>]
<images/bruit/29.png, id=3635, 642.4pt x 481.8pt>
File: images/bruit/29.png Graphic file (type png)
<use images/bruit/29.png>
Package pdftex.def Info: images/bruit/29.png  used on input line 314.
(pdftex.def)             Requested size: 227.62204pt x 170.71304pt.

Overfull \hbox (9.10262pt too wide) in paragraph at lines 314--314
 [] 
 []


Overfull \hbox (2.34813pt too wide) has occurred while \output is active
[] 
 []

[103

 <./images/bruit/29.png>]
<images/bruit/30.png, id=3670, 642.4pt x 481.8pt>
File: images/bruit/30.png Graphic file (type png)
<use images/bruit/30.png>
Package pdftex.def Info: images/bruit/30.png  used on input line 314.
(pdftex.def)             Requested size: 227.62204pt x 170.71304pt.

Overfull \hbox (9.10262pt too wide) in paragraph at lines 314--314
 [] 
 []


Overfull \hbox (2.34813pt too wide) has occurred while \output is active
[] 
 []

[104

 <./images/bruit/30.png>]
<images/bruit/31.png, id=3704, 642.4pt x 481.8pt>
File: images/bruit/31.png Graphic file (type png)
<use images/bruit/31.png>
Package pdftex.def Info: images/bruit/31.png  used on input line 314.
(pdftex.def)             Requested size: 227.62204pt x 170.71304pt.

Overfull \hbox (9.10262pt too wide) in paragraph at lines 314--314
 [] 
 []


Overfull \hbox (2.34813pt too wide) has occurred while \output is active
[] 
 []

[105

 <./images/bruit/31.png>]
<images/bruit/32.png, id=3739, 642.4pt x 481.8pt>
File: images/bruit/32.png Graphic file (type png)
<use images/bruit/32.png>
Package pdftex.def Info: images/bruit/32.png  used on input line 314.
(pdftex.def)             Requested size: 227.62204pt x 170.71304pt.

Overfull \hbox (9.10262pt too wide) in paragraph at lines 314--314
 [] 
 []


Overfull \hbox (2.34813pt too wide) has occurred while \output is active
[] 
 []

[106

 <./images/bruit/32.png>]
<images/bruit/33.png, id=3773, 642.4pt x 481.8pt>
File: images/bruit/33.png Graphic file (type png)
<use images/bruit/33.png>
Package pdftex.def Info: images/bruit/33.png  used on input line 314.
(pdftex.def)             Requested size: 227.62204pt x 170.71304pt.

Overfull \hbox (9.10262pt too wide) in paragraph at lines 314--314
 [] 
 []


Overfull \hbox (2.34813pt too wide) has occurred while \output is active
[] 
 []

[107

 <./images/bruit/33.png>]
<images/bruit/34.png, id=3807, 642.4pt x 481.8pt>
File: images/bruit/34.png Graphic file (type png)
<use images/bruit/34.png>
Package pdftex.def Info: images/bruit/34.png  used on input line 314.
(pdftex.def)             Requested size: 227.62204pt x 170.71304pt.

Overfull \hbox (9.10262pt too wide) in paragraph at lines 314--314
 [] 
 []


Overfull \hbox (2.34813pt too wide) has occurred while \output is active
[] 
 []

[108

 <./images/bruit/34.png>]
<images/bruit/35.png, id=3842, 642.4pt x 481.8pt>
File: images/bruit/35.png Graphic file (type png)
<use images/bruit/35.png>
Package pdftex.def Info: images/bruit/35.png  used on input line 314.
(pdftex.def)             Requested size: 227.62204pt x 170.71304pt.

Overfull \hbox (9.10262pt too wide) in paragraph at lines 314--314
 [] 
 []


Overfull \hbox (2.34813pt too wide) has occurred while \output is active
[] 
 []

[109

 <./images/bruit/35.png>]
<images/bruit/36.png, id=3877, 642.4pt x 481.8pt>
File: images/bruit/36.png Graphic file (type png)
<use images/bruit/36.png>
Package pdftex.def Info: images/bruit/36.png  used on input line 314.
(pdftex.def)             Requested size: 227.62204pt x 170.71304pt.

Overfull \hbox (9.10262pt too wide) in paragraph at lines 314--314
 [] 
 []


Overfull \hbox (2.34813pt too wide) has occurred while \output is active
[] 
 []

[110

 <./images/bruit/36.png>]
<images/bruit/37.png, id=3911, 642.4pt x 481.8pt>
File: images/bruit/37.png Graphic file (type png)
<use images/bruit/37.png>
Package pdftex.def Info: images/bruit/37.png  used on input line 314.
(pdftex.def)             Requested size: 227.62204pt x 170.71304pt.

Overfull \hbox (9.10262pt too wide) in paragraph at lines 314--314
 [] 
 []


Overfull \hbox (2.34813pt too wide) has occurred while \output is active
[] 
 []

[111

 <./images/bruit/37.png>]
<images/bruit/38.png, id=3946, 642.4pt x 481.8pt>
File: images/bruit/38.png Graphic file (type png)
<use images/bruit/38.png>
Package pdftex.def Info: images/bruit/38.png  used on input line 314.
(pdftex.def)             Requested size: 227.62204pt x 170.71304pt.

Overfull \hbox (9.10262pt too wide) in paragraph at lines 314--314
 [] 
 []


Overfull \hbox (2.34813pt too wide) has occurred while \output is active
[] 
 []

[112

 <./images/bruit/38.png>]
<images/bruit/39.png, id=3980, 642.4pt x 481.8pt>
File: images/bruit/39.png Graphic file (type png)
<use images/bruit/39.png>
Package pdftex.def Info: images/bruit/39.png  used on input line 314.
(pdftex.def)             Requested size: 227.62204pt x 170.71304pt.

Overfull \hbox (9.10262pt too wide) in paragraph at lines 314--314
 [] 
 []


Overfull \hbox (2.34813pt too wide) has occurred while \output is active
[] 
 []

[113

 <./images/bruit/39.png>]
<images/bruit/40.png, id=4014, 642.4pt x 481.8pt>
File: images/bruit/40.png Graphic file (type png)
<use images/bruit/40.png>
Package pdftex.def Info: images/bruit/40.png  used on input line 314.
(pdftex.def)             Requested size: 227.62204pt x 170.71304pt.

Overfull \hbox (9.10262pt too wide) in paragraph at lines 314--314
 [] 
 []


Overfull \hbox (2.34813pt too wide) has occurred while \output is active
[] 
 []

[114

 <./images/bruit/40.png>]
<images/bruit/41.png, id=4049, 642.4pt x 481.8pt>
File: images/bruit/41.png Graphic file (type png)
<use images/bruit/41.png>
Package pdftex.def Info: images/bruit/41.png  used on input line 314.
(pdftex.def)             Requested size: 227.62204pt x 170.71304pt.

Overfull \hbox (9.10262pt too wide) in paragraph at lines 314--314
 [] 
 []


Overfull \hbox (2.34813pt too wide) has occurred while \output is active
[] 
 []

[115

 <./images/bruit/41.png>]
<images/bruit/42.png, id=4084, 642.4pt x 481.8pt>
File: images/bruit/42.png Graphic file (type png)
<use images/bruit/42.png>
Package pdftex.def Info: images/bruit/42.png  used on input line 314.
(pdftex.def)             Requested size: 227.62204pt x 170.71304pt.

Overfull \hbox (9.10262pt too wide) in paragraph at lines 314--314
 [] 
 []


Overfull \hbox (2.34813pt too wide) has occurred while \output is active
[] 
 []

[116

 <./images/bruit/42.png>]
<images/bruit/43.png, id=4118, 642.4pt x 481.8pt>
File: images/bruit/43.png Graphic file (type png)
<use images/bruit/43.png>
Package pdftex.def Info: images/bruit/43.png  used on input line 314.
(pdftex.def)             Requested size: 227.62204pt x 170.71304pt.

Overfull \hbox (9.10262pt too wide) in paragraph at lines 314--314
 [] 
 []


Overfull \hbox (2.34813pt too wide) has occurred while \output is active
[] 
 []

[117

 <./images/bruit/43.png>]
<images/bruit/44.png, id=4152, 642.4pt x 481.8pt>
File: images/bruit/44.png Graphic file (type png)
<use images/bruit/44.png>
Package pdftex.def Info: images/bruit/44.png  used on input line 314.
(pdftex.def)             Requested size: 227.62204pt x 170.71304pt.

Overfull \hbox (9.10262pt too wide) in paragraph at lines 314--314
 [] 
 []


Overfull \hbox (2.34813pt too wide) has occurred while \output is active
[] 
 []

[118

 <./images/bruit/44.png>]
<images/bruit/45.png, id=4187, 642.4pt x 481.8pt>
File: images/bruit/45.png Graphic file (type png)
<use images/bruit/45.png>
Package pdftex.def Info: images/bruit/45.png  used on input line 314.
(pdftex.def)             Requested size: 227.62204pt x 170.71304pt.

Overfull \hbox (9.10262pt too wide) in paragraph at lines 314--314
 [] 
 []


Overfull \hbox (2.34813pt too wide) has occurred while \output is active
[] 
 []

[119

 <./images/bruit/45.png>]
<images/bruit/46.png, id=4221, 642.4pt x 481.8pt>
File: images/bruit/46.png Graphic file (type png)
<use images/bruit/46.png>
Package pdftex.def Info: images/bruit/46.png  used on input line 314.
(pdftex.def)             Requested size: 227.62204pt x 170.71304pt.

Overfull \hbox (9.10262pt too wide) in paragraph at lines 314--314
 [] 
 []


Overfull \hbox (2.34813pt too wide) has occurred while \output is active
[] 
 []

[120

 <./images/bruit/46.png>]
<images/bruit/47.png, id=4255, 642.4pt x 481.8pt>
File: images/bruit/47.png Graphic file (type png)
<use images/bruit/47.png>
Package pdftex.def Info: images/bruit/47.png  used on input line 314.
(pdftex.def)             Requested size: 227.62204pt x 170.71304pt.

Overfull \hbox (9.10262pt too wide) in paragraph at lines 314--314
 [] 
 []


Overfull \hbox (2.34813pt too wide) has occurred while \output is active
[] 
 []

[121

 <./images/bruit/47.png>]
<images/bruit/48.png, id=4291, 642.4pt x 481.8pt>
File: images/bruit/48.png Graphic file (type png)
<use images/bruit/48.png>
Package pdftex.def Info: images/bruit/48.png  used on input line 314.
(pdftex.def)             Requested size: 227.62204pt x 170.71304pt.

Overfull \hbox (9.10262pt too wide) in paragraph at lines 314--314
 [] 
 []


Overfull \hbox (2.34813pt too wide) has occurred while \output is active
[] 
 []

[122

 <./images/bruit/48.png>]
<images/bruit/49.png, id=4325, 642.4pt x 481.8pt>
File: images/bruit/49.png Graphic file (type png)
<use images/bruit/49.png>
Package pdftex.def Info: images/bruit/49.png  used on input line 314.
(pdftex.def)             Requested size: 227.62204pt x 170.71304pt.

Overfull \hbox (9.10262pt too wide) in paragraph at lines 314--314
 [] 
 []


Overfull \hbox (2.34813pt too wide) has occurred while \output is active
[] 
 []

[123

 <./images/bruit/49.png>]
<images/bruit/50.png, id=4359, 642.4pt x 481.8pt>
File: images/bruit/50.png Graphic file (type png)
<use images/bruit/50.png>
Package pdftex.def Info: images/bruit/50.png  used on input line 314.
(pdftex.def)             Requested size: 227.62204pt x 170.71304pt.

Overfull \hbox (9.10262pt too wide) in paragraph at lines 314--314
 [] 
 []


Overfull \hbox (2.34813pt too wide) has occurred while \output is active
[] 
 []

[124

 <./images/bruit/50.png>]
<images/bruit_4bis.png, id=4393, 462.528pt x 346.896pt>
File: images/bruit_4bis.png Graphic file (type png)
<use images/bruit_4bis.png>
Package pdftex.def Info: images/bruit_4bis.png  used on input line 333.
(pdftex.def)             Requested size: 227.62204pt x 170.71628pt.

Overfull \vbox (7.99179pt too high) detected at line 333
 []


Overfull \hbox (2.34813pt too wide) has occurred while \output is active
[] 
 []

[125

 <./images/bruit_4bis.png>]
<images/comparatif_4.png, id=4427, 387.4475pt x 279.0425pt>
File: images/comparatif_4.png Graphic file (type png)
<use images/comparatif_4.png>
Package pdftex.def Info: images/comparatif_4.png  used on input line 333.
(pdftex.def)             Requested size: 170.71652pt x 122.95364pt.
<images/bruit_vicsek.png, id=4428, 718.685pt x 557.08125pt>
File: images/bruit_vicsek.png Graphic file (type png)
<use images/bruit_vicsek.png>
Package pdftex.def Info: images/bruit_vicsek.png  used on input line 333.
(pdftex.def)             Requested size: 170.71652pt x 132.32516pt.

Overfull \hbox (2.34813pt too wide) has occurred while \output is active
[] 
 []

[126

 <./images/comparatif_4.png> <./images/bruit_vicsek.png>]
<images/densite_1[noise=1]2.png, id=4462, 462.528pt x 346.896pt>
File: images/densite_1[noise=1]2.png Graphic file (type png)
<use images/densite_1[noise=1]2.png>
Package pdftex.def Info: images/densite_1[noise=1]2.png  used on input line 346
.
(pdftex.def)             Requested size: 170.71652pt x 128.0372pt.
<images/densite_vicsek.png, id=4463, 718.685pt x 585.18625pt>
File: images/densite_vicsek.png Graphic file (type png)
<use images/densite_vicsek.png>
Package pdftex.def Info: images/densite_vicsek.png  used on input line 346.
(pdftex.def)             Requested size: 170.71652pt x 139.00104pt.

Overfull \hbox (2.34813pt too wide) has occurred while \output is active
[] 
 []

[127

 <./images/densite_1[noise=1]2.png> <./images/densite_vicsek.png>]
<images/image_15.png, id=4499, 433.62pt x 289.08pt>
File: images/image_15.png Graphic file (type png)
<use images/image_15.png>
Package pdftex.def Info: images/image_15.png  used on input line 365.
(pdftex.def)             Requested size: 213.39566pt x 142.26357pt.

Overfull \hbox (2.34813pt too wide) has occurred while \output is active
[] 
 []

[128

 <./images/image_15.png>]
File: images/image_15.png Graphic file (type png)
<use images/image_15.png>
Package pdftex.def Info: images/image_15.png  used on input line 365.
(pdftex.def)             Requested size: 213.39566pt x 142.26357pt.

Overfull \hbox (2.34813pt too wide) has occurred while \output is active
[] 
 []

[129

]
File: images/image_15.png Graphic file (type png)
<use images/image_15.png>
Package pdftex.def Info: images/image_15.png  used on input line 365.
(pdftex.def)             Requested size: 213.39566pt x 142.26357pt.

Overfull \hbox (2.34813pt too wide) has occurred while \output is active
[] 
 []

[130

]
File: images/grues.jpg Graphic file (type jpg)
<use images/grues.jpg>
Package pdftex.def Info: images/grues.jpg  used on input line 365.
(pdftex.def)             Requested size: 170.71652pt x 121.77007pt.

Overfull \hbox (2.34813pt too wide) has occurred while \output is active
[] 
 []

[131

]
<images/image_16.png, id=4629, 154.176pt x 115.632pt>
File: images/image_16.png Graphic file (type png)
<use images/image_16.png>
Package pdftex.def Info: images/image_16.png  used on input line 383.
(pdftex.def)             Requested size: 213.39566pt x 160.05048pt.

Overfull \hbox (2.34813pt too wide) has occurred while \output is active
[] 
 []

[132

 <./images/image_16.png>]
File: images/image_16.png Graphic file (type png)
<use images/image_16.png>
Package pdftex.def Info: images/image_16.png  used on input line 383.
(pdftex.def)             Requested size: 213.39566pt x 160.05048pt.

Overfull \hbox (2.34813pt too wide) has occurred while \output is active
[] 
 []

[133

]
File: images/image_16.png Graphic file (type png)
<use images/image_16.png>
Package pdftex.def Info: images/image_16.png  used on input line 383.
(pdftex.def)             Requested size: 213.39566pt x 160.05048pt.

Overfull \hbox (2.34813pt too wide) has occurred while \output is active
[] 
 []

[134

]
<images/image_17.png, id=4729, 642.4pt x 481.8pt>
File: images/image_17.png Graphic file (type png)
<use images/image_17.png>
Package pdftex.def Info: images/image_17.png  used on input line 383.
(pdftex.def)             Requested size: 213.39566pt x 160.04578pt.

Overfull \hbox (2.34813pt too wide) has occurred while \output is active
[] 
 []

[135

 <./images/image_17.png>]
Overfull \hbox (2.34813pt too wide) has occurred while \output is active
[] 
 []

[136

]
<images/image_19.png, id=4793, 154.176pt x 115.632pt>
File: images/image_19.png Graphic file (type png)
<use images/image_19.png>
Package pdftex.def Info: images/image_19.png  used on input line 413.
(pdftex.def)             Requested size: 213.39566pt x 160.05048pt.

Overfull \hbox (2.34813pt too wide) has occurred while \output is active
[] 
 []

[137

 <./images/image_19.png>]
<images/image_18.png, id=4828, 154.176pt x 115.632pt>
File: images/image_18.png Graphic file (type png)
<use images/image_18.png>
Package pdftex.def Info: images/image_18.png  used on input line 413.
(pdftex.def)             Requested size: 213.39566pt x 160.05048pt.

Overfull \hbox (2.34813pt too wide) has occurred while \output is active
[] 
 []

[138

 <./images/image_18.png>]
<images/image_20.png, id=4862, 104.0688pt x 69.3792pt>
File: images/image_20.png Graphic file (type png)
<use images/image_20.png>
Package pdftex.def Info: images/image_20.png  used on input line 413.
(pdftex.def)             Requested size: 213.39566pt x 142.27164pt.

Overfull \hbox (2.34813pt too wide) has occurred while \output is active
[] 
 []

[139

 <./images/image_20.png>]
<images/image_21.png, id=4897, 104.0688pt x 69.3792pt>
File: images/image_21.png Graphic file (type png)
<use images/image_21.png>
Package pdftex.def Info: images/image_21.png  used on input line 413.
(pdftex.def)             Requested size: 213.39566pt x 142.27164pt.

Overfull \hbox (2.34813pt too wide) has occurred while \output is active
[] 
 []

[140

 <./images/image_21.png>]
Overfull \hbox (2.34813pt too wide) has occurred while \output is active
[] 
 []

[141

]
Overfull \hbox (2.34813pt too wide) has occurred while \output is active
[] 
 []

[142

]
Overfull \hbox (2.34813pt too wide) has occurred while \output is active
[] 
 []

[143

]
<images/image_9.png, id=5027, 154.176pt x 115.632pt>
File: images/image_9.png Graphic file (type png)
<use images/image_9.png>
Package pdftex.def Info: images/image_9.png  used on input line 427.
(pdftex.def)             Requested size: 227.62204pt x 170.7198pt.

Overfull \hbox (2.34813pt too wide) has occurred while \output is active
[] 
 []

[144

 <./images/image_9.png>]
\tf@nav=\write6
\openout6 = `diapo_vicsek.nav'.

\tf@toc=\write7
\openout7 = `diapo_vicsek.toc'.

\tf@snm=\write8
\openout8 = `diapo_vicsek.snm'.

 (./diapo_vicsek.aux)

LaTeX Font Warning: Some font shapes were not available, defaults substituted.

Package rerunfilecheck Info: File `diapo_vicsek.out' has not changed.
(rerunfilecheck)             Checksum: 12AF9ADC3D171E18E85D7D93F0A3E84C;2170.
 ) 
Here is how much of TeX's memory you used:
 25696 strings out of 476025
 497208 string characters out of 5796532
 1873388 words of memory out of 5000000
 45255 multiletter control sequences out of 15000+600000
 522277 words of font info for 59 fonts, out of 8000000 for 9000
 1141 hyphenation exceptions out of 8191
 128i,19n,122p,383b,804s stack positions out of 5000i,500n,10000p,200000b,80000s
</usr/share/texmf-dist/fonts/type1/public/amsfonts/cm/cmex10.pfb></usr/share/
texmf-dist/fonts/type1/public/amsfonts/cm/cmmi12.pfb></usr/share/texmf-dist/fon
ts/type1/public/amsfonts/cm/cmmi8.pfb></usr/share/texmf-dist/fonts/type1/public
/amsfonts/cm/cmss12.pfb></usr/share/texmf-dist/fonts/type1/public/amsfonts/cm/c
mssi12.pfb></usr/share/texmf-dist/fonts/type1/public/amsfonts/cm/cmssi8.pfb></u
sr/share/texmf-dist/fonts/type1/public/amsfonts/cm/cmsy10.pfb></usr/share/texmf
-dist/fonts/type1/public/amsfonts/cm/cmsy8.pfb></usr/share/texmf-dist/fonts/typ
e1/public/cm-super/sfss0600.pfb></usr/share/texmf-dist/fonts/type1/public/cm-su
per/sfss0800.pfb></usr/share/texmf-dist/fonts/type1/public/cm-super/sfss1200.pf
b></usr/share/texmf-dist/fonts/type1/public/cm-super/sfss1728.pfb>
Output written on diapo_vicsek.pdf (144 pages, 2685528 bytes).
PDF statistics:
 5181 PDF objects out of 6186 (max. 8388607)
 4680 compressed objects within 47 object streams
 300 named destinations out of 1000 (max. 500000)
 796 words of extra memory for PDF output out of 10000 (max. 10000000)

